<?xml version="1.0" encoding="UTF-8"?>
<robot generator="Robot 3.2.2 (Python 3.8.5 on win32)" generated="20201026 18:14:53.021" rpa="false">
<suite id="s1" name="UsandoLoops" source="C:\Users\Leonardo Medeiros\Documents\Leo\RobotFramework\Codigos\SuiteSiteTestePractice\estruturas\UsandoLoops.robot">
<test id="s1-t1" name="Teste de Sair do FOR">
<kw name="Usando FOR IN com EXIT FOR LOOP IF">
<kw name="Log To Console" library="BuiltIn">
<doc>Logs the given message to the console.</doc>
<arguments>
<arg>${\n}</arg>
</arguments>
<status status="PASS" starttime="20201026 18:14:53.050" endtime="20201026 18:14:53.056"></status>
</kw>
<kw name="${INDICE} | ${FRUTA} IN ENUMERATE [ @{MINHA_LISTA_DE_FRUTAS} ]" type="for">
<kw name="${INDICE} = 0, ${FRUTA} = maça" type="foritem">
<kw name="Log To Console" library="BuiltIn">
<doc>Logs the given message to the console.</doc>
<arguments>
<arg>Minha fruta é: ${INDICE} --&gt; ${FRUTA}!</arg>
</arguments>
<status status="PASS" starttime="20201026 18:14:53.056" endtime="20201026 18:14:53.058"></status>
</kw>
<kw name="Exit For Loop If" library="BuiltIn">
<doc>Stops executing the enclosing for loop if the ``condition`` is true.</doc>
<arguments>
<arg>'${FRUTA}'=='banana'</arg>
</arguments>
<status status="PASS" starttime="20201026 18:14:53.058" endtime="20201026 18:14:53.059"></status>
</kw>
<status status="PASS" starttime="20201026 18:14:53.056" endtime="20201026 18:14:53.059"></status>
</kw>
<kw name="${INDICE} = 1, ${FRUTA} = abacaxi" type="foritem">
<kw name="Log To Console" library="BuiltIn">
<doc>Logs the given message to the console.</doc>
<arguments>
<arg>Minha fruta é: ${INDICE} --&gt; ${FRUTA}!</arg>
</arguments>
<status status="PASS" starttime="20201026 18:14:53.059" endtime="20201026 18:14:53.060"></status>
</kw>
<kw name="Exit For Loop If" library="BuiltIn">
<doc>Stops executing the enclosing for loop if the ``condition`` is true.</doc>
<arguments>
<arg>'${FRUTA}'=='banana'</arg>
</arguments>
<status status="PASS" starttime="20201026 18:14:53.060" endtime="20201026 18:14:53.060"></status>
</kw>
<status status="PASS" starttime="20201026 18:14:53.059" endtime="20201026 18:14:53.060"></status>
</kw>
<kw name="${INDICE} = 2, ${FRUTA} = banana" type="foritem">
<kw name="Log To Console" library="BuiltIn">
<doc>Logs the given message to the console.</doc>
<arguments>
<arg>Minha fruta é: ${INDICE} --&gt; ${FRUTA}!</arg>
</arguments>
<status status="PASS" starttime="20201026 18:14:53.061" endtime="20201026 18:14:53.061"></status>
</kw>
<kw name="Exit For Loop If" library="BuiltIn">
<doc>Stops executing the enclosing for loop if the ``condition`` is true.</doc>
<arguments>
<arg>'${FRUTA}'=='banana'</arg>
</arguments>
<msg timestamp="20201026 18:14:53.062" level="INFO">Exiting for loop altogether.</msg>
<status status="PASS" starttime="20201026 18:14:53.061" endtime="20201026 18:14:53.062"></status>
</kw>
<status status="PASS" starttime="20201026 18:14:53.060" endtime="20201026 18:14:53.062"></status>
</kw>
<status status="PASS" starttime="20201026 18:14:53.056" endtime="20201026 18:14:53.062"></status>
</kw>
<status status="PASS" starttime="20201026 18:14:53.049" endtime="20201026 18:14:53.062"></status>
</kw>
<doc>Você controla quando o FOR deve se encerrar antes de terminar todos os LOOPS</doc>
<status status="PASS" starttime="20201026 18:14:53.049" endtime="20201026 18:14:53.063" critical="yes"></status>
</test>
<doc>Vamos aprender a fazer LOOPS usando o Robot Framework!!</doc>
<status status="PASS" starttime="20201026 18:14:53.023" endtime="20201026 18:14:53.071"></status>
</suite>
<statistics>
<total>
<stat pass="1" fail="0">Critical Tests</stat>
<stat pass="1" fail="0">All Tests</stat>
</total>
<tag>
</tag>
<suite>
<stat pass="1" fail="0" id="s1" name="UsandoLoops">UsandoLoops</stat>
</suite>
</statistics>
<errors>
</errors>
</robot>
