<?xml version="1.0" encoding="UTF-8"?>
<robot generator="Robot 3.2.2 (Python 3.8.5 on win32)" generated="20201029 14:53:03.400" rpa="false">
<suite id="s1" name="TestsCasesAPIBooks" source="C:\Users\Leonardo Medeiros\Documents\Leo\RobotFramework\Codigos\SuiteSiteTestePractice\booksAPI\TestsCasesAPIBooks.robot">
<kw name="Conectar a minha API" library="ResourceAPI" type="setup">
<kw name="Create Session" library="RequestsLibrary">
<doc>Create Session: create a HTTP session to a server</doc>
<arguments>
<arg>fakeAPI</arg>
<arg>${URL_API}</arg>
</arguments>
<msg timestamp="20201029 14:53:03.548" level="INFO">Creating Session using : alias=fakeAPI, url=https://fakerestapi.azurewebsites.net/api/, headers={},                     cookies={}, auth=None, timeout=None, proxies=None, verify=False,                     debug=0 </msg>
<status status="PASS" starttime="20201029 14:53:03.547" endtime="20201029 14:53:03.548"></status>
</kw>
<kw name="Create Dictionary" library="BuiltIn">
<doc>Creates and returns a dictionary based on the given ``items``.</doc>
<arguments>
<arg>content-type=application/json</arg>
</arguments>
<assign>
<var>${HEADERS}</var>
</assign>
<msg timestamp="20201029 14:53:03.548" level="INFO">${HEADERS} = {'content-type': 'application/json'}</msg>
<status status="PASS" starttime="20201029 14:53:03.548" endtime="20201029 14:53:03.548"></status>
</kw>
<kw name="Set Suite Variable" library="BuiltIn">
<doc>Makes a variable available everywhere within the scope of the current suite.</doc>
<arguments>
<arg>${HEADERS}</arg>
</arguments>
<msg timestamp="20201029 14:53:03.549" level="INFO">${HEADERS} = {'content-type': 'application/json'}</msg>
<status status="PASS" starttime="20201029 14:53:03.548" endtime="20201029 14:53:03.549"></status>
</kw>
<status status="PASS" starttime="20201029 14:53:03.547" endtime="20201029 14:53:03.549"></status>
</kw>
<test id="s1-t1" name="Buscar a listagem de todos os livros (GET em todos os livros)">
<kw name="Requisitar todos os livros" library="ResourceAPI">
<kw name="Get Request" library="RequestsLibrary">
<doc>Send a GET request on the session object found using the
given `alias`</doc>
<arguments>
<arg>fakeAPI</arg>
<arg>Books</arg>
</arguments>
<assign>
<var>${RESPOSTA}</var>
</assign>
<msg timestamp="20201029 14:53:07.959" level="INFO">GET Request : url=https://fakerestapi.azurewebsites.net/api//Books 
 path_url=/api//Books 
 headers={'User-Agent': 'python-requests/2.24.0', 'Accept-Encoding': 'gzip, deflate', 'Accept': '*/*', 'Connection': 'keep-alive'} 
 body=None 
 </msg>
<msg timestamp="20201029 14:53:07.960" level="INFO">GET Response : url=https://fakerestapi.azurewebsites.net/api//Books 
 status=200, reason=OK 
 body=[{"ID":1,"Title":"Book 1","Description":"Diam consetetur sit vel ipsum sadipscing duo enim stet ipsum kasd sit. Voluptua et takimata sed sed congue voluptua et sadipscing ipsum esse takimata amet et duis. Accusam molestie takimata praesent sea sanctus dolore sit est sit sed. Sed erat ad nulla voluptua. Duo justo dolor sadipscing ea consetetur clita takimata amet dolore accusam nisl. Et amet aliquyam sanctus ipsum nonumy dolor in dignissim eum amet. Et sadipscing sed et eirmod clita no rebum.\r\n","PageCount":100,"Excerpt":"Amet vero ut aliquyam nonumy eu diam. Et in sadipscing consetetur elit dolore in diam eirmod augue sanctus sed nonummy accusam. Te accumsan tincidunt luptatum eos justo stet erat dolor dolores. Aliquyam et sadipscing voluptua facer justo et ut nobis consetetur aliquyam stet dolor clita dolore eum at consetetur. Dolore dolores kasd clita erat ut consetetur clita sed consequat sea ut.\r\nWisi elit augue iriure et commodo voluptua. Et amet dolor elitr et lorem et stet nonumy lorem magna eu. Duo et doming sanctus consetetur vero. Dolor in feugiat dolores vel et amet vel feugiat clita ex sed ipsum dolor odio nonumy sed ipsum. Ipsum et diam stet lorem magna eu sea voluptua sit feugiat sed et. Et stet minim labore diam duo justo dolore et nonummy laoreet et ut dolor. Rebum justo ad lorem quis vulputate duo gubergren esse lorem autem dolor nisl magna et duo sed kasd. Tempor erat elitr lorem diam eleifend consectetuer vero labore justo erat. Amet kasd stet lorem nobis kasd magna kasd aliquyam aliquip dolore. Et sea dolore sea at rebum ut et. Magna ea dignissim eos no sit amet nonumy iriure autem et.\r\nAccusam et dolore dolor diam ut. Dolore ad volutpat te gubergren voluptua et amet. Aliquyam consetetur sed sit tation possim aliquyam diam wisi ipsum est dolores doming et. Tempor diam et augue ut vero placerat sadipscing vel ut ea molestie duo magna. Id consequat ea ipsum consectetuer diam clita tempor hendrerit elitr vero. Sanctus et quis justo ut ipsum praesent est sadipscing te vulputate hendrerit magna ut gubergren magna stet sit. Lorem aliquyam autem. Wisi lorem voluptua et vel nulla stet aliquip stet at stet cum erat lorem kasd gubergren. Sit sanctus takimata eirmod commodo ut gubergren. Enim sanctus erat at facilisi. Vero te lorem minim et facilisis labore aliquyam lobortis consetetur. Lorem consetetur lorem ipsum sanctus justo aliquyam eirmod. Amet exerci tempor kasd dolor ipsum et aliquam sea gubergren kasd doming. Facilisis facilisis no duis et ipsum laoreet sanctus voluptua at accumsan illum lorem invidunt et rebum ipsum. Labore ut duo in vulputate voluptua kasd invidunt ea dolores dolor duo soluta diam ea autem. Feugiat takimata erat autem stet adipiscing est ipsum voluptua takimata nonumy vel sed consetetur gubergren sit consetetur. Et elitr nulla ipsum at consetetur ipsum lobortis ut labore diam eos sea enim dolor duo accusam. Erat quod rebum accusam eu elit nonumy elitr vel ipsum stet te nonumy erat et clita lobortis ipsum. Dolor sanctus vero ullamcorper lorem sanctus erat.\r\nAmet lorem stet blandit et dolor magna elitr diam sit justo no feugait clita eos justo diam. Quis no at eum ipsum clita nonumy ut amet rebum ipsum eos justo dolores ut sit. Dolor duo ipsum. Diam at takimata erat consequat dolor sadipscing gubergren duo sanctus in autem.\r\nInvidunt elitr lobortis. Accusam at aliquyam nonumy sed magna eirmod consectetuer facilisi. Est nisl est consequat. Erat laoreet dolore in euismod. Nisl rebum tempor et option dolor elit sadipscing et sit clita veniam. Labore amet sed eleifend. Tempor tempor tempor feugiat rebum quis duis aliquip eum congue. Et dolore lorem et nulla lorem tation et doming exerci. Vero elitr nulla ea dolor diam nibh vel sit dolores kasd. Elitr clita ipsum sanctus et iusto facilisis dolor diam minim quis nonumy magna.\r\n","PublishDate":"2020-10-28T17:53:04.6926235+00:00"},{"ID":2,"Title":"Book 2","Description":"Sea ipsum duo. Iriure ut odio aliquyam autem tempor at accusam odio dolor eos labore. Justo tempor accusam justo delenit eirmod no magna labore gubergren invidunt nostrud ut. Justo sit dolore dolores rebum. Amet ipsum sed in sadipscing erat amet congue dolor. Elit et invidunt eum duo. Sadipscing facilisis kasd illum eos commodo voluptua accusam et et dolores dolor dolore duo stet dolore clita ea aliquip. Accusam et et rebum vulputate justo eros. Magna elitr gubergren wisi amet lorem eros takimata placerat imperdiet vel takimata dolor aliquyam dignissim nonummy amet. Nulla duo sed amet sit no dolore ipsum at eleifend congue feugiat. Sed et exerci at sadipscing ipsum lorem clita amet eros dolor sadipscing et amet vulputate nobis nihil aliquyam eu. Sanctus nonumy takimata feugiat ea hendrerit. Nobis duo lorem vel ipsum dolores sanctus kasd vero ipsum ut. Nisl nonummy sanctus tempor at ut quod in. Stet lorem consectetuer ut qui dolor eu autem sadipscing aliquyam amet dignissim rebum adipiscing ipsum invidunt justo. Kasd dolor hendrerit no nisl nonummy eos et. Ex nonumy eos at sanctus sit ea eros nibh diam sanctus diam ipsum diam. Nonumy ut aliquyam ipsum lorem adipiscing vero odio nonumy.\r\n","PageCount":200,"Excerpt":"Invidunt et amet justo et. Voluptua sea at duo aliquip eros. Dolor dolor invidunt diam augue sit diam vel blandit et takimata duis in justo at rebum. Ut ut et ut at dolor accusam clita wisi. Duo sea duo vero duo. Facer justo invidunt magna ut diam ipsum duis iriure in sadipscing augue eleifend accusam lorem at amet magna. Amet et duo ut et dolor voluptua sadipscing elitr quod dolore et congue nonumy gubergren ut. Et quis quis blandit eum ut et nonumy et ut magna diam. Consetetur ad duo lorem rebum rebum diam sed dolore no ipsum justo ut ipsum sed suscipit amet. Takimata diam ut rebum iriure odio tincidunt lorem ea et sed commodo. Tempor esse ipsum accusam rebum amet et sanctus ut takimata. Et duo dolor dolor lorem exerci sit ut amet amet. Invidunt vulputate consetetur elitr kasd stet feugait et dolor aliquyam accusam ea tempor amet tincidunt vel cum duo.\r\nInvidunt voluptua eros voluptua ut tempor dolores vel lorem nonumy amet aliquyam praesent imperdiet diam. Et autem eos dolore ut at et lorem ipsum accumsan aliquyam. Sit diam aliquyam dolore labore sanctus gubergren aliquip. Erat takimata voluptua eirmod et eos elitr duo eirmod duo nonumy dolore dolor facilisis dolor et. Ipsum zzril sit dolor exerci dolor erat.\r\nVeniam consectetuer rebum consequat dolores sadipscing in vel et sea vel ut molestie erat sadipscing minim ea in. Id et ea erat consetetur laoreet no et autem. Velit lorem amet voluptua magna ea nonumy nonumy tempor diam no stet et nonumy. Vel dolore sanctus elitr in hendrerit aliquam dolore. No consetetur duo diam vero sadipscing. In congue ipsum duo duis option accusam. Tation aliquyam est possim dolore eros amet consetetur amet dolor consequat no voluptua consetetur sed erat lobortis. Ut sanctus te. Dolor et iriure luptatum no vero te vel sit justo dolor ipsum eum ipsum diam ut. At esse diam iriure ipsum elit diam euismod ipsum consequat duo gubergren accumsan suscipit elitr consequat. Elitr ipsum et dolor sit dolor sanctus ea justo voluptua ipsum lorem et sed dolores dolor consetetur. Commodo ut nulla elit dolor takimata exerci ea sea rebum et amet accusam est invidunt molestie aliquyam ipsum sed. Duo erat tempor imperdiet dolor sit eum. Congue sed sed sanctus consetetur voluptua ea. Sanctus commodo consetetur eleifend amet sed ea feugiat.\r\nClita consetetur sit no commodo vel sit sea. Volutpat sit dolores ea sed te at ipsum nulla duo. Tation dolor sed amet nonummy liber consetetur clita diam stet et. Sit sit sanctus diam et clita lorem clita clita sadipscing amet adipiscing ipsum. Ipsum ea erat lorem. Sit amet soluta sit amet consectetuer et stet diam invidunt dolor stet dolores. Vero est at wisi voluptua lorem facer dolore clita nisl et et sadipscing dolor nulla sit diam congue. Ipsum sed sea dolores dolor vel tempor sed praesent ipsum duo lorem sed tempor placerat in eros. Dolor stet voluptua eirmod diam cum laoreet. Dolor ipsum accusam elitr velit justo no sed stet ipsum veniam sanctus vel dolore duis sed. Consectetuer lorem aliquam amet in diam ut ea tempor diam sea ut. Et nonumy diam et feugait sadipscing nisl voluptua ut consequat sit diam eum dolor. Enim magna magna gubergren aliquyam magna sadipscing sed elitr voluptua lorem. Lorem lorem vel duis sit nonumy accusam praesent ut duis eirmod lorem dolor ipsum tempor erat. Voluptua ullamcorper clita est molestie lorem dolore dolor est sed.\r\nTakimata tempor quis clita sit veniam labore no dolore et feugiat diam facilisis at erat dolor kasd. Eos ut nonumy vero ad vero erat sit sit enim tempor tempor dolores placerat. Labore vel nibh sit dignissim takimata et sadipscing. Sed no sed nonumy duis tincidunt aliquyam invidunt liber eum et adipiscing tempor diam. Eirmod sit kasd ipsum esse vel justo amet dolore quod hendrerit magna elit erat laoreet sadipscing eum invidunt dolore. Nonumy at clita rebum eos tempor sit elitr accusam duo vero ipsum sadipscing labore sit ut eirmod. Sadipscing amet dolore volutpat eirmod dolore eros est kasd. Clita sea kasd lorem elitr no ut amet.\r\n","PublishDate":"2020-10-27T17:53:04.6926235+00:00"},{"ID":3,"Title":"Book 3","Description":"Clita labore sea et et. Eirmod sadipscing eum feugait clita consetetur vel amet ipsum ea diam dolores. Nulla rebum sed eirmod elitr invidunt erat nulla sit no dolore at blandit eu aliquyam vero dolor. Et enim diam et blandit iusto molestie sit eos lorem minim duis commodo ipsum dolore ad at dolor facer. Sed at gubergren luptatum sit sit diam rebum eu nostrud dolore justo diam augue exerci accusam. Et no dignissim eirmod dolore kasd veniam sea. Elitr no diam eirmod lorem feugiat voluptua justo quis ea lorem. No nonumy dolore amet wisi et autem tempor dolore eu. Erat amet stet ipsum et sit diam amet dolor. Adipiscing justo praesent ipsum accumsan. Sadipscing gubergren sit ullamcorper lorem diam consequat sanctus a... (set the log level to DEBUG or TRACE to see the full content) 
 </msg>
<msg timestamp="20201029 14:53:07.961" level="INFO">c:\users\leonardo medeiros\appdata\local\programs\python\python38-32\lib\site-packages\urllib3\connectionpool.py:981: InsecureRequestWarning: Unverified HTTPS request is being made to host 'fakerestapi.azurewebsites.net'. Adding certificate verification is strongly advised. See: https://urllib3.readthedocs.io/en/latest/advanced-usage.html#ssl-warnings
  warnings.warn(</msg>
<msg timestamp="20201029 14:53:07.962" level="INFO">${RESPOSTA} = &lt;Response [200]&gt;</msg>
<status status="PASS" starttime="20201029 14:53:03.550" endtime="20201029 14:53:07.962"></status>
</kw>
<kw name="Log" library="BuiltIn">
<doc>Logs the given message with the given level.</doc>
<arguments>
<arg>${RESPOSTA.text}</arg>
</arguments>
<msg timestamp="20201029 14:53:07.967" level="INFO">[{"ID":1,"Title":"Book 1","Description":"Diam consetetur sit vel ipsum sadipscing duo enim stet ipsum kasd sit. Voluptua et takimata sed sed congue voluptua et sadipscing ipsum esse takimata amet et duis. Accusam molestie takimata praesent sea sanctus dolore sit est sit sed. Sed erat ad nulla voluptua. Duo justo dolor sadipscing ea consetetur clita takimata amet dolore accusam nisl. Et amet aliquyam sanctus ipsum nonumy dolor in dignissim eum amet. Et sadipscing sed et eirmod clita no rebum.\r\n","PageCount":100,"Excerpt":"Amet vero ut aliquyam nonumy eu diam. Et in sadipscing consetetur elit dolore in diam eirmod augue sanctus sed nonummy accusam. Te accumsan tincidunt luptatum eos justo stet erat dolor dolores. Aliquyam et sadipscing voluptua facer justo et ut nobis consetetur aliquyam stet dolor clita dolore eum at consetetur. Dolore dolores kasd clita erat ut consetetur clita sed consequat sea ut.\r\nWisi elit augue iriure et commodo voluptua. Et amet dolor elitr et lorem et stet nonumy lorem magna eu. Duo et doming sanctus consetetur vero. Dolor in feugiat dolores vel et amet vel feugiat clita ex sed ipsum dolor odio nonumy sed ipsum. Ipsum et diam stet lorem magna eu sea voluptua sit feugiat sed et. Et stet minim labore diam duo justo dolore et nonummy laoreet et ut dolor. Rebum justo ad lorem quis vulputate duo gubergren esse lorem autem dolor nisl magna et duo sed kasd. Tempor erat elitr lorem diam eleifend consectetuer vero labore justo erat. Amet kasd stet lorem nobis kasd magna kasd aliquyam aliquip dolore. Et sea dolore sea at rebum ut et. Magna ea dignissim eos no sit amet nonumy iriure autem et.\r\nAccusam et dolore dolor diam ut. Dolore ad volutpat te gubergren voluptua et amet. Aliquyam consetetur sed sit tation possim aliquyam diam wisi ipsum est dolores doming et. Tempor diam et augue ut vero placerat sadipscing vel ut ea molestie duo magna. Id consequat ea ipsum consectetuer diam clita tempor hendrerit elitr vero. Sanctus et quis justo ut ipsum praesent est sadipscing te vulputate hendrerit magna ut gubergren magna stet sit. Lorem aliquyam autem. Wisi lorem voluptua et vel nulla stet aliquip stet at stet cum erat lorem kasd gubergren. Sit sanctus takimata eirmod commodo ut gubergren. Enim sanctus erat at facilisi. Vero te lorem minim et facilisis labore aliquyam lobortis consetetur. Lorem consetetur lorem ipsum sanctus justo aliquyam eirmod. Amet exerci tempor kasd dolor ipsum et aliquam sea gubergren kasd doming. Facilisis facilisis no duis et ipsum laoreet sanctus voluptua at accumsan illum lorem invidunt et rebum ipsum. Labore ut duo in vulputate voluptua kasd invidunt ea dolores dolor duo soluta diam ea autem. Feugiat takimata erat autem stet adipiscing est ipsum voluptua takimata nonumy vel sed consetetur gubergren sit consetetur. Et elitr nulla ipsum at consetetur ipsum lobortis ut labore diam eos sea enim dolor duo accusam. Erat quod rebum accusam eu elit nonumy elitr vel ipsum stet te nonumy erat et clita lobortis ipsum. Dolor sanctus vero ullamcorper lorem sanctus erat.\r\nAmet lorem stet blandit et dolor magna elitr diam sit justo no feugait clita eos justo diam. Quis no at eum ipsum clita nonumy ut amet rebum ipsum eos justo dolores ut sit. Dolor duo ipsum. Diam at takimata erat consequat dolor sadipscing gubergren duo sanctus in autem.\r\nInvidunt elitr lobortis. Accusam at aliquyam nonumy sed magna eirmod consectetuer facilisi. Est nisl est consequat. Erat laoreet dolore in euismod. Nisl rebum tempor et option dolor elit sadipscing et sit clita veniam. Labore amet sed eleifend. Tempor tempor tempor feugiat rebum quis duis aliquip eum congue. Et dolore lorem et nulla lorem tation et doming exerci. Vero elitr nulla ea dolor diam nibh vel sit dolores kasd. Elitr clita ipsum sanctus et iusto facilisis dolor diam minim quis nonumy magna.\r\n","PublishDate":"2020-10-28T17:53:04.6926235+00:00"},{"ID":2,"Title":"Book 2","Description":"Sea ipsum duo. Iriure ut odio aliquyam autem tempor at accusam odio dolor eos labore. Justo tempor accusam justo delenit eirmod no magna labore gubergren invidunt nostrud ut. Justo sit dolore dolores rebum. Amet ipsum sed in sadipscing erat amet congue dolor. Elit et invidunt eum duo. Sadipscing facilisis kasd illum eos commodo voluptua accusam et et dolores dolor dolore duo stet dolore clita ea aliquip. Accusam et et rebum vulputate justo eros. Magna elitr gubergren wisi amet lorem eros takimata placerat imperdiet vel takimata dolor aliquyam dignissim nonummy amet. Nulla duo sed amet sit no dolore ipsum at eleifend congue feugiat. Sed et exerci at sadipscing ipsum lorem clita amet eros dolor sadipscing et amet vulputate nobis nihil aliquyam eu. Sanctus nonumy takimata feugiat ea hendrerit. Nobis duo lorem vel ipsum dolores sanctus kasd vero ipsum ut. Nisl nonummy sanctus tempor at ut quod in. Stet lorem consectetuer ut qui dolor eu autem sadipscing aliquyam amet dignissim rebum adipiscing ipsum invidunt justo. Kasd dolor hendrerit no nisl nonummy eos et. Ex nonumy eos at sanctus sit ea eros nibh diam sanctus diam ipsum diam. Nonumy ut aliquyam ipsum lorem adipiscing vero odio nonumy.\r\n","PageCount":200,"Excerpt":"Invidunt et amet justo et. Voluptua sea at duo aliquip eros. Dolor dolor invidunt diam augue sit diam vel blandit et takimata duis in justo at rebum. Ut ut et ut at dolor accusam clita wisi. Duo sea duo vero duo. Facer justo invidunt magna ut diam ipsum duis iriure in sadipscing augue eleifend accusam lorem at amet magna. Amet et duo ut et dolor voluptua sadipscing elitr quod dolore et congue nonumy gubergren ut. Et quis quis blandit eum ut et nonumy et ut magna diam. Consetetur ad duo lorem rebum rebum diam sed dolore no ipsum justo ut ipsum sed suscipit amet. Takimata diam ut rebum iriure odio tincidunt lorem ea et sed commodo. Tempor esse ipsum accusam rebum amet et sanctus ut takimata. Et duo dolor dolor lorem exerci sit ut amet amet. Invidunt vulputate consetetur elitr kasd stet feugait et dolor aliquyam accusam ea tempor amet tincidunt vel cum duo.\r\nInvidunt voluptua eros voluptua ut tempor dolores vel lorem nonumy amet aliquyam praesent imperdiet diam. Et autem eos dolore ut at et lorem ipsum accumsan aliquyam. Sit diam aliquyam dolore labore sanctus gubergren aliquip. Erat takimata voluptua eirmod et eos elitr duo eirmod duo nonumy dolore dolor facilisis dolor et. Ipsum zzril sit dolor exerci dolor erat.\r\nVeniam consectetuer rebum consequat dolores sadipscing in vel et sea vel ut molestie erat sadipscing minim ea in. Id et ea erat consetetur laoreet no et autem. Velit lorem amet voluptua magna ea nonumy nonumy tempor diam no stet et nonumy. Vel dolore sanctus elitr in hendrerit aliquam dolore. No consetetur duo diam vero sadipscing. In congue ipsum duo duis option accusam. Tation aliquyam est possim dolore eros amet consetetur amet dolor consequat no voluptua consetetur sed erat lobortis. Ut sanctus te. Dolor et iriure luptatum no vero te vel sit justo dolor ipsum eum ipsum diam ut. At esse diam iriure ipsum elit diam euismod ipsum consequat duo gubergren accumsan suscipit elitr consequat. Elitr ipsum et dolor sit dolor sanctus ea justo voluptua ipsum lorem et sed dolores dolor consetetur. Commodo ut nulla elit dolor takimata exerci ea sea rebum et amet accusam est invidunt molestie aliquyam ipsum sed. Duo erat tempor imperdiet dolor sit eum. Congue sed sed sanctus consetetur voluptua ea. Sanctus commodo consetetur eleifend amet sed ea feugiat.\r\nClita consetetur sit no commodo vel sit sea. Volutpat sit dolores ea sed te at ipsum nulla duo. Tation dolor sed amet nonummy liber consetetur clita diam stet et. Sit sit sanctus diam et clita lorem clita clita sadipscing amet adipiscing ipsum. Ipsum ea erat lorem. Sit amet soluta sit amet consectetuer et stet diam invidunt dolor stet dolores. Vero est at wisi voluptua lorem facer dolore clita nisl et et sadipscing dolor nulla sit diam congue. Ipsum sed sea dolores dolor vel tempor sed praesent ipsum duo lorem sed tempor placerat in eros. Dolor stet voluptua eirmod diam cum laoreet. Dolor ipsum accusam elitr velit justo no sed stet ipsum veniam sanctus vel dolore duis sed. Consectetuer lorem aliquam amet in diam ut ea tempor diam sea ut. Et nonumy diam et feugait sadipscing nisl voluptua ut consequat sit diam eum dolor. Enim magna magna gubergren aliquyam magna sadipscing sed elitr voluptua lorem. Lorem lorem vel duis sit nonumy accusam praesent ut duis eirmod lorem dolor ipsum tempor erat. Voluptua ullamcorper clita est molestie lorem dolore dolor est sed.\r\nTakimata tempor quis clita sit veniam labore no dolore et feugiat diam facilisis at erat dolor kasd. Eos ut nonumy vero ad vero erat sit sit enim tempor tempor dolores placerat. Labore vel nibh sit dignissim takimata et sadipscing. Sed no sed nonumy duis tincidunt aliquyam invidunt liber eum et adipiscing tempor diam. Eirmod sit kasd ipsum esse vel justo amet dolore quod hendrerit magna elit erat laoreet sadipscing eum invidunt dolore. Nonumy at clita rebum eos tempor sit elitr accusam duo vero ipsum sadipscing labore sit ut eirmod. Sadipscing amet dolore volutpat eirmod dolore eros est kasd. Clita sea kasd lorem elitr no ut amet.\r\n","PublishDate":"2020-10-27T17:53:04.6926235+00:00"},{"ID":3,"Title":"Book 3","Description":"Clita labore sea et et. Eirmod sadipscing eum feugait clita consetetur vel amet ipsum ea diam dolores. Nulla rebum sed eirmod elitr invidunt erat nulla sit no dolore at blandit eu aliquyam vero dolor. Et enim diam et blandit iusto molestie sit eos lorem minim duis commodo ipsum dolore ad at dolor facer. Sed at gubergren luptatum sit sit diam rebum eu nostrud dolore justo diam augue exerci accusam. Et no dignissim eirmod dolore kasd veniam sea. Elitr no diam eirmod lorem feugiat voluptua justo quis ea lorem. No nonumy dolore amet wisi et autem tempor dolore eu. Erat amet stet ipsum et sit diam amet dolor. Adipiscing justo praesent ipsum accumsan. Sadipscing gubergren sit ullamcorper lorem diam consequat sanctus ad est diam doming dolor aliquam gubergren justo elitr. Sanctus sit est lorem. Sed ea et quod dolore dolor dolore lorem consetetur. Nulla erat lorem erat sea et. Justo dolore magna augue et eros vero qui sanctus elitr elitr. Et rebum erat dolor et facilisi accumsan. Diam eos kasd dolores cum delenit at sanctus nonumy iriure voluptua justo dolor. Dolore doming sed dolor tempor imperdiet no ad vero at eos est.\r\n","PageCount":300,"Excerpt":"Dolores est eos aliquyam consetetur. Ipsum ea est at eirmod magna ipsum dolore et et diam. Et sed diam lorem luptatum voluptua vero gubergren ipsum et odio duis esse. Sit labore magna ea sed commodo. Sit erat feugait ea ipsum ut ut dolore lorem eos. Sadipscing et vero vero minim eos eirmod lorem ipsum vulputate velit. Diam aliquyam aliquyam eu praesent dolore illum elit duis. Labore diam clita stet tempor dolor erat. Sit tation dolores aliquyam autem placerat sanctus sed accumsan tempor sit amet nulla elitr takimata sed veniam rebum. Eirmod eu voluptua vero elitr magna amet eirmod sed nostrud amet eum ipsum assum sed exerci dolor. Sed labore aliquyam et gubergren ipsum vero nonumy nam ipsum consetetur.\r\nDolor in est eos est ut. Sadipscing sed stet delenit magna volutpat tincidunt at sed at ea elitr amet eirmod eos nonumy. Ex sed adipiscing sed stet no erat invidunt dolores magna clita. Diam aliquyam sea aliquyam ullamcorper invidunt. Nulla est at diam kasd consetetur sadipscing facilisis clita luptatum ut id et sed stet sed dolores dolores. Eum takimata iusto erat sed suscipit qui diam est sea voluptua rebum ea diam vero ea adipiscing consetetur. Feugiat consetetur takimata rebum eirmod et mazim. Invidunt consequat diam augue stet no nonummy eos voluptua augue esse lobortis minim molestie erat. Ut laoreet dolore ut diam zzril ipsum amet diam ullamcorper nulla. Kasd stet et gubergren nulla soluta nonumy nulla nibh sit amet sed at praesent rebum. Ut eos duo liber feugiat velit facilisi autem eirmod et amet aliquam ea nibh sed suscipit sed elitr invidunt. Sed magna dolores eleifend sadipscing dolor magna ut justo diam diam feugiat ea no. Justo est id justo lorem magna enim dolore labore et adipiscing dolore facilisi quis amet. Autem et invidunt clita et in kasd sadipscing diam sanctus sea consetetur augue.\r\nRebum amet duo sit aliquyam erat labore justo sadipscing et. Amet et clita accusam magna dolore lorem rebum erat molestie magna. Sed aliquyam illum. Gubergren accusam feugait lobortis nisl at tincidunt eos diam sed consequat euismod. Lobortis tempor justo ipsum est ut sed et justo sit no. Ut dolor duo kasd invidunt eos accusam nulla vero. Diam est amet sit labore. Ipsum magna dolores sea kasd takimata dolore in eos sanctus et labore. Diam stet vel lorem minim ut sea hendrerit sadipscing dolor voluptua. Exerci dolor aliquyam rebum consequat ipsum exerci amet dolor facilisis dolor est dolor vero. Duis dolor cum aliquyam kasd nonumy et tempor consequat in lorem accusam. Lorem vero lorem zzril ea sit ipsum ipsum eos dolore facilisi ipsum magna velit luptatum dolore sea eos lorem. Sanctus tincidunt invidunt eum wisi stet. Ullamcorper praesent sit ut duo et sea dolores kasd eum. Amet voluptua et eu ut aliquip soluta te justo sanctus sit stet sit diam duis in stet dolor. Nibh ut sea vel ut.\r\nDiam diam gubergren autem assum labore sadipscing invidunt ea dolor qui vel nulla. Et dolore aliquyam ut dolor ea vero commodo eum et erat sit nobis consetetur vero est congue adipiscing ipsum. Magna no sed ipsum aliquyam eum et vero aliquyam kasd est et diam invidunt elitr dolores voluptua. Dolore elit amet tation hendrerit nulla dolore rebum dignissim vel ipsum aliquip dolor dolor molestie lorem duis sed qui. Duo vulputate sanctus clita. Praesent voluptua ullamcorper. Volutpat dolore takimata invidunt dolore id kasd magna. Sed eu sanctus justo vero et amet kasd sit sit sed vel sit vulputate et. Duo aliquyam diam ullamcorper nulla ut duo ut ipsum sea amet et lorem no. Et veniam ipsum justo at dolores tempor et ea rebum takimata. Dolor sed sed nonumy.\r\nConsetetur eos consetetur lorem ea dolor. Sit ea consetetur exerci sed. Et consetetur hendrerit autem sed duo amet sit vulputate laoreet. Lorem illum erat et praesent voluptua nam sit dolor qui. Eos kasd et dolor ipsum sit aliquyam.\r\n","PublishDate":"2020-10-26T17:53:04.6926235+00:00"},{"ID":4,"Title":"Book 4","Description":"Eos elitr minim elitr lorem voluptua option adipiscing ea elitr magna erat. Voluptua est amet feugiat dolore duo facilisis diam ipsum. Dolor stet takimata. Consequat laoreet kasd duo. Lorem tempor eos ut justo et dolores consetetur et consetetur no consetetur. Diam sit nonumy sed suscipit vel et est nulla et consetetur. Consetetur illum amet sea at amet. Tempor nonumy accusam sanctus dolore invidunt voluptua at erat invidunt est accumsan aliquip laoreet ipsum aliquyam rebum et ipsum. Labore sit amet no dolor nihil at ea nonumy sit amet eos lorem dolor et et. Invidunt tempor tempor aliquam zzril facilisis sanctus in amet. Eleifend no voluptua. Gubergren sanctus nibh et et takimata sit et labore qui magna.\r\n","PageCount":400,"Excerpt":"Tation dolore feugait dolore. Dolor takimata stet justo clita ipsum commodo et sit feugait sed ipsum dolores no dolores sit erat in. Eirmod illum sanctus veniam placerat. Rebum ad stet luptatum sanctus molestie ipsum voluptua ut qui quis diam labore erat sed. Clita eirmod ex vero eu dolor erat invidunt lorem ullamcorper stet lorem consetetur no nostrud velit laoreet luptatum. Te diam iriure zzril rebum. Labore luptatum lorem nonummy lorem lorem accusam diam mazim aliquip nonumy consectetuer eleifend takimata.\r\nVel nonumy vero et et sed zzril gubergren commodo sed diam accusam ex eum. Velit nostrud sit vero aliquyam et velit lorem vulputate et eum illum. Ullamcorper veniam kasd at duo accusam eros elitr. Rebum no et eros magna autem et clita diam et sed ut. Kasd amet diam elitr volutpat et nonumy ea tempor labore magna diam et est dolore eros ea. Magna sadipscing zzril. Stet sit diam vero euismod eum diam tempor luptatum et ut. At ut labore quis eirmod lorem elitr aliquyam accusam. Consequat tempor dolore voluptua ut kasd dolor voluptua tempor vel placerat clita takimata imperdiet. Sanctus amet diam rebum erat no. Magna ea sit. No augue duo euismod takimata vel et feugait consequat vel amet. Sea aliquam ad dolores takimata sit gubergren sed gubergren nihil dolores minim invidunt consequat. Est sit aliquyam gubergren et et at et dolores consetetur justo sadipscing autem et.\r\nVero in kasd esse euismod at ea suscipit vulputate sed justo labore dolor augue sit commodo erat labore et. Duo accumsan vero lorem. Dolores accusam sit zzril at sit nibh illum in vero et justo ea erat diam in diam. Quis dolor kasd facilisi eros et consectetuer vero amet dolor ut placerat erat. Consetetur facer consetetur duo eirmod et consequat. Erat in eirmod possim amet. Diam elitr sadipscing clita lorem feugait.\r\nAmet nonumy sit est illum stet consetetur duo nobis sadipscing rebum tempor lorem diam velit wisi invidunt nobis. Et dolores et dolore sanctus. Eirmod diam sea amet suscipit esse illum zzril aliquip diam amet et facilisi molestie lorem eos. Et et eros sanctus. Aliquyam lorem commodo at amet. Ut accumsan eum eirmod mazim nonumy ad diam amet laoreet stet aliquam et sed. Accusam sit magna aliquyam sit consetetur et kasd amet rebum clita duis nisl takimata dolor. Option eirmod lobortis ut ipsum lorem erat ut et stet. Vel kasd sed clita vel nonummy gubergren amet amet vero sit qui eu laoreet feugait. Molestie et labore dolor et magna dolor delenit justo labore iriure nulla accusam clita. Et lorem nonumy voluptua lorem labore sit sed lorem sadipscing sanctus diam sanctus. Facilisis qui et erat ut.\r\nSea diam aliquyam rebum erat nibh. Voluptua rebum sit accusam. Nonumy erat diam nonumy augue eos aliquam magna sadipscing sed lorem nostrud congue vero et diam. Nonumy sit accusam dolores. Adipiscing ipsum duis sit takimata at rebum kasd. Rebum praesent et magna est dolore amet erat nonumy velit eu magna iriure sanctus eu. Et et kasd ut ut nulla velit et labore erat voluptua amet magna velit labore lorem. Nonumy eos dolore dolor stet ipsum rebum takimata. Odio et esse consetetur et stet voluptua erat qui magna sea duis gubergren sadipscing amet duo quis lorem.\r\n","PublishDate":"2020-10-25T17:53:04.6926235+00:00"},{"ID":5,"Title":"Book 5","Description":"Delenit sanctus dolor in tempor amet. Iriure est sed vel eirmod sit adipiscing amet eros ipsum te et nonumy. Iriure duis rebum sed dolores in eirmod nisl nonummy adipiscing eirmod et erat ullamcorper. Minim elitr duo takimata lobortis amet diam eu luptatum in est aliquyam et nonummy magna sed est dolor. Imperdiet sit et invidunt commodo ipsum eirmod feugiat rebum consetetur elitr lorem gubergren takimata rebum assum. Ut erat ipsum elitr esse sed takimata ipsum ipsum duis accumsan invidunt invidunt. Dolore dolor ut rebum stet takimata erat duo diam dolore suscipit. Magna erat qui sed euismod est sit adipiscing. Ipsum labore eum aliquyam congue magna eirmod vero lorem. Dolore eu sea lorem consetetur aliquyam. Est accusam nostrud lorem dolores sit nisl sadipscing gubergren dolor in diam ipsum hendrerit sea. Tempor sadipscing ipsum sed feugiat nobis no kasd possim ipsum rebum clita consequat takimata veniam sea. Sit dolor justo stet labore vero duis. Ipsum congue aliquyam esse accusam.\r\n","PageCount":500,"Excerpt":"Sea dolor magna autem consequat. Lorem labore duis facilisis accusam justo praesent consetetur et diam amet at consequat dolores esse. Sadipscing lorem ipsum sit tincidunt feugiat dolor eu consequat augue clita consequat. Ipsum sit diam no eos at et sed ut kasd suscipit ad ipsum et. Iriure est clita euismod feugiat sed at et sed sit kasd amet stet. Sed minim diam amet elit amet tincidunt stet no sit justo dolore. Amet magna sanctus ut duis no diam eos justo consequat nonumy.\r\nSadipscing dolore et duis amet amet wisi erat aliquam amet. Zzril et consetetur dolore lorem nonumy. In amet sed nonummy magna voluptua dolor no nonummy. Suscipit elitr justo dolore no nam. Consetetur erat eos eu gubergren no. Erat dignissim at dolor erat takimata at amet nonumy consequat amet erat sed lorem voluptua in rebum. Qui tempor elitr et et et dolore gubergren dolor hendrerit et aliquyam sadipscing kasd. At tation enim duis eros tempor clita stet gubergren diam. Takimata lorem clita feugait duis dolores sed. Sanctus labore wisi ex. Ut duis et et zzril clita takimata dolor consetetur consequat at vero dolore. Elitr et magna qui in voluptua ut accusam. Voluptua kasd dolor ea veniam duis. Sed tempor nibh illum clita facilisi lorem nibh duis eum elitr accusam nobis. Amet invidunt et. Voluptua eos adipiscing sit ut sit ullamcorper no magna clita ipsum sadipscing sed ipsum. Labore vel gubergren dolore sit sadipscing stet dolores ipsum labore. Ut et rebum no lorem et aliquyam eirmod possim labore ut takimata invidunt nisl gubergren.\r\nAccusam aliquyam eirmod tempor kasd gubergren. Erat gubergren adipiscing euismod tation feugait rebum lorem blandit. Et sadipscing eos sit aliquyam ipsum consetetur iriure feugiat amet delenit. Gubergren sadipscing duo vero suscipit dolore et vero consequat erat. Labore et sed no. Minim ullamcorper vero justo sit commodo consetetur sit ad accusam erat magna consetetur dolor ea.\r\nAliquip delenit diam at sea lorem lorem accusam aliquip dolore duis eum diam. Et duo eos amet sanctus. Vulputate dolores aliquyam duo consetetur velit est magna nonumy sanctus et nulla nobis ipsum diam. Sadipscing at sed sanctus gubergren erat elitr.\r\nSadipscing kasd dolor consetetur. Lorem tation consetetur vel accusam sanctus diam. Tempor dolor amet vero eirmod vero. Elitr ea amet at duis tation feugiat sadipscing aliquyam facilisi. Gubergren ipsum stet ut id stet takimata dolore justo eos est. Sit erat elitr amet sadipscing diam enim est erat nonumy possim. Justo diam ea wisi clita gubergren accusam molestie dolore erat et amet iusto ipsum aliquam hendrerit. Vero nonumy ipsum nonumy tincidunt in gubergren voluptua ut elitr elitr duo ea ipsum dolores eu ad erat.\r\n","PublishDate":"2020-10-24T17:53:04.6926235+00:00"},{"ID":6,"Title":"Book 6","Description":"Dignissim gubergren eleifend labore facilisi elitr. Amet est illum kasd gubergren. Gubergren takimata diam et illum autem amet sadipscing minim et in sit invidunt in et dolores ipsum suscipit. Takimata et ullamcorper. Gubergren eirmod dolore justo feugiat vero voluptua lorem lorem dolore voluptua no. Est molestie accusam dolor elitr dolores. Nihil dolores et ea ea. Ipsum est consetetur in tempor te sea stet. Eros odio sea et. Dolore facilisis eos eos diam veniam ullamcorper duo velit et vero autem justo illum no hendrerit. Ex et magna voluptua elitr blandit amet facilisis et est in velit. Vero kasd accusam kasd sit sed euismod rebum ipsum. Clita erat dolore vel eos duis. Lorem eirmod dolore dolore sit nibh clita vero consetetur. Sea sed et. Takimata dolor takimata aliquyam justo sea dolor labore.\r\n","PageCount":600,"Excerpt":"Consetetur nulla dolor diam ea erat tempor at. Sed suscipit diam nostrud nonumy invidunt nonumy labore erat magna diam. Ut facilisi option. Et diam hendrerit invidunt assum takimata ipsum sea delenit vero praesent elitr ut sea amet dolor diam. Dignissim no accusam voluptua. Nonumy sed dolores dolore consetetur sit sanctus sed veniam nulla lorem clita clita clita. Dolore duo justo lorem nibh qui gubergren facer voluptua ipsum takimata at et. Lorem duis dolores justo stet. Sea dolores dolore nostrud justo et takimata sadipscing dolor et wisi suscipit iusto at ipsum duo ea. Magna at accusam gubergren duo lorem consetetur clita iusto ut amet. Elitr euismod mazim stet iriure wisi lorem ipsum elitr amet. Diam magna takimata amet lorem ipsum erat erat ipsum diam rebum elitr. Sanctus amet ut sit sit ipsum gubergren nonumy dolor lorem sit. Sea voluptua kasd kasd vulputate et. Invidunt feugiat accusam clita voluptua dolore elitr elitr laoreet consetetur.\r\nClita ex at sed lorem tempor sea autem invidunt lorem et. Wisi no ut sadipscing ex voluptua dolores dolor nobis takimata magna nam ut et dolore zzril sanctus diam dolor. Kasd clita in duo aliquyam sit laoreet volutpat diam. Et et elitr rebum eirmod. Consequat sit kasd kasd invidunt tempor consetetur no et eros ut tempor aliquyam diam elitr ut illum. Amet no magna tempor facilisis takimata rebum dolore nibh. Sanctus diam diam kasd at et et rebum dolor ipsum exerci et dolor. Sanctus sadipscing stet ea accumsan lorem diam magna erat amet odio. Aliquyam et nisl et consequat aliquyam labore duis dolor diam sit diam lorem justo tempor. Et sanctus minim sed id soluta diam accusam sadipscing lorem erat qui erat sadipscing sea amet amet justo labore. Duo eros et et duo et euismod accusam aliquam delenit et et et diam esse aliquyam lorem illum. Augue tincidunt consetetur elitr voluptua molestie gubergren diam eros facilisi et takimata in et erat. Commodo vulputate diam nonumy ut elitr vel sit. Eos aliquam ipsum lorem no sed vero laoreet eleifend magna tincidunt clita diam et accumsan laoreet diam eu amet. Assum vero magna et. Aliquyam sed amet est cum et diam illum ipsum volutpat.\r\nEros nobis sadipscing ut diam vel et. Consetetur at tempor erat et enim luptatum stet amet justo lorem sed ipsum est eros blandit. Ullamcorper labore sit sit sit ipsum et nostrud esse clita euismod. Takimata elitr veniam nihil in elit odio consetetur erat labore quis.\r\nDiam in lorem erat illum magna et nonumy consetetur vero elitr invidunt nisl delenit. Dolor aliquyam sed facilisis kasd et invidunt et elitr aliquyam sanctus autem. Nonumy lorem ea et. In diam ullamcorper invidunt justo ipsum vero tempor. Sed elitr labore rebum soluta ipsum eum dolor sanctus zzril amet. Labore ut stet takimata justo diam feugiat eirmod. Eu justo erat diam ea minim iusto ea labore eirmod sea ut sanctus velit consequat duo consetetur vel. Ut aliquam cum. Invidunt duo in dolores takimata sed sed autem amet vero ut dolor eirmod est. Suscipit ipsum at sanctus elit et lorem lorem ut eos at amet quis eos elitr nihil sed justo liber. Delenit hendrerit clita invidunt duis et dolores vero feugiat eum lorem tempor justo justo dolor. Ipsum dolore laoreet voluptua dolore sea amet vel tation aliquyam dolore clita voluptua amet. Aliquyam accumsan stet ut sed duis vero ad ut nibh ipsum sea at euismod in. Dolor volutpat nonumy te. Ipsum elitr rebum gubergren. Nulla commodo nulla sea et sanctus sadipscing ut est at tempor qui erat rebum stet et accusam et dolor. Dolores consequat aliquyam voluptua diam facer justo no diam et lorem et sed.\r\nZzril praesent at volutpat augue nonumy dolore. Sea in magna lorem labore esse consequat ipsum stet. Autem nonumy lorem dolore sanctus quod dolores sanctus sanctus. Ipsum cum takimata dolore facilisi erat sadipscing sit erat sit. Wisi amet et vel dolore elit amet dolor sit. Sed amet laoreet at. Voluptua accusam et sea nonumy diam. Dolores vero sed elit amet eu dignissim magna feugait hendrerit est labore ut consetetur sea. Ut vero et ea aliquyam sea dolores accumsan est gubergren lobortis ipsum iriure eirmod aliquam sed lorem eos duo. Ipsum est gubergren dolor facilisis sadipscing ut dolore ipsum accusam quod kasd illum luptatum. Molestie sit consequat sed kasd. At aliquam delenit vero dolor sea assum amet dolore duo dolore velit consequat takimata diam dolore ipsum.\r\n","PublishDate":"2020-10-23T17:53:04.6926235+00:00"},{"ID":7,"Title":"Book 7","Description":"Invidunt erat amet gubergren duo takimata accusam accusam. Erat duo duis zzril vero duis dolor qui sanctus vel augue duo. Invidunt duis justo invidunt facer et esse. Ipsum sit et est diam nam diam wisi ipsum molestie dolor. Erat dolore feugait dolor eros.\r\n","PageCount":700,"Excerpt":"Velit vulputate kasd ullamcorper voluptua ullamcorper duo stet te. Illum lorem cum vero ipsum. Imperdiet ea lorem augue et accumsan dolor. Aliquyam sea sed dolore consequat no vel. Kasd invidunt in ipsum erat sanctus consetetur luptatum duis te. Dolor sanctus magna eirmod tempor gubergren commodo ipsum sadipscing et elitr aliquyam. Sadipscing feugiat clita et invidunt amet nibh ea nonumy veniam ullamcorper accusam aliquam stet eos ut. Tation duis sadipscing erat vero ipsum delenit erat sanctus ex et facilisi eum ipsum. Nam velit nonumy sit rebum stet nonumy diam rebum ut rebum elitr lorem sed ut nulla tempor. Et eu aliquyam nulla sadipscing rebum vero eos in dolor lobortis nonummy labore nonummy. Takimata lorem kasd sit lorem nonumy et. Consetetur ipsum est ipsum vel no et. Velit erat diam ipsum vel consectetuer qui sit ut dolore ut ut sit elitr nonumy. Mazim laoreet feugiat amet molestie amet amet est eos volutpat sed lorem ipsum vero vero tempor.\r\nConsetetur iriure id consetetur in ut justo hendrerit magna sea labore nonumy est sed lorem stet. Et et sadipscing voluptua ipsum justo lorem cum gubergren. Ipsum elitr nulla doming sanctus praesent. Sit illum diam lorem autem tempor sanctus sed et kasd et lorem sed ipsum dolor. Invidunt justo no quod sadipscing duo. Kasd dolores stet diam minim dolor dolor dolor laoreet et no accusam labore dolore. Diam ea vero odio. Sed lobortis congue dolore. Placerat et lorem volutpat sea et feugiat sit zzril et accumsan nobis ipsum nibh amet exerci dolores. Vero voluptua labore lorem sea ea velit eirmod voluptua. Sadipscing et amet exerci facilisi eirmod dolor. Elit et clita dolor no amet lorem ut lorem dolore aliquyam stet. Sadipscing amet sit duo magna ut vero in minim elitr vero accusam.\r\nElitr iriure dolor est nostrud nihil lorem sit ullamcorper ipsum est tincidunt invidunt illum lorem duo zzril ullamcorper. Et diam et et duis kasd amet et et magna ut. Diam ipsum ut magna labore et eleifend clita. Dolores sed nonumy te aliquyam diam ut consectetuer diam consetetur delenit eirmod eirmod dolor amet amet. Amet sit ut. Nonumy ut diam et facilisis sit eirmod amet sed erat at invidunt accusam nonumy in et tempor. Ipsum lorem invidunt est veniam no sea euismod ea gubergren ad sit sit eirmod. No dolore sed eirmod sed. Tempor sit est accusam delenit tempor duo iusto kasd et et amet nulla erat sed et erat. Aliquyam dolores nonummy facer diam at labore iusto amet autem eos diam imperdiet erat voluptua et. Clita dolore rebum accusam et kasd et eu iriure no diam dolor labore. Nulla et amet no stet sea molestie ipsum voluptua ipsum eirmod sit facer magna kasd ut vero aliquam. Invidunt ex dolor nonumy ea diam lorem nonumy laoreet euismod ipsum et invidunt et luptatum. Lorem est magna diam sea amet ipsum eos dolor duis nam stet consetetur euismod facilisi dolores est. Quis lorem dolore amet et elitr dolore kasd sanctus et stet amet hendrerit est et. Sea dolore no et.\r\nAmet vel diam sea ipsum consequat sanctus dolore stet eum. Sed no no eros clita consetetur dignissim consequat no eirmod et dolore. Consequat sit aliquyam magna vulputate ea rebum diam et. Accusam et eos tempor est invidunt amet ea at magna ipsum ut ea dolor dolore ipsum sed praesent. Diam vero eleifend. Euismod ipsum in et. Tempor erat rebum sed kasd ut. Vel eos consequat ea duis soluta dolore feugiat voluptua commodo accusam tempor lorem sit vero aliquyam stet aliquyam. Lorem aliquyam sea sadipscing luptatum feugiat lorem ea lobortis diam dolore diam kasd stet lorem dolor. Aliquyam ipsum accusam sea dolor lorem sit stet ea imperdiet eros dolore. Sed diam accumsan dolor elitr stet wisi praesent sit option sed id. Clita eu dolore. Delenit sed stet duis. Justo sit consequat. Amet gubergren accusam lobortis quis amet justo feugait nonummy. Invidunt autem kasd. Ullamcorper rebum et sanctus sea takimata.\r\nNonummy lorem et iusto stet. Et et adipiscing dolore feugiat kasd sadipscing duo duo stet et eu molestie dignissim diam ea magna. Et dolore eirmod dolor eum no molestie eos. Erat eirmod ad et nonumy exerci ullamcorper. Voluptua accusam et accusam nonumy diam erat ipsum nam stet ea vero. Erat nulla commodo lorem dolor suscipit vero invidunt consetetur exerci enim id ea blandit at rebum. Et blandit magna. Diam suscipit elitr labore gubergren aliquyam adipiscing at lorem aliquam diam nibh zzril at vero augue sea sed. Hendrerit diam facer et delenit et amet labore esse lobortis stet lorem. Lorem molestie nonumy consectetuer ipsum eos consetetur et duo dolore voluptua ut voluptua gubergren nonumy rebum. At nonumy consequat sit sanctus erat sit sed kasd facilisis eu duis. Amet eirmod invidunt sit consetetur sea nonumy consetetur ut sea at sed erat erat. Facilisis aliquyam ipsum commodo stet ut illum dolor no sit id aliquyam.\r\n","PublishDate":"2020-10-22T17:53:04.6926235+00:00"},{"ID":8,"Title":"Book 8","Description":"Dolore adipiscing sit sit. Et dolore molestie kasd elit nostrud sadipscing vulputate et sit tincidunt. Stet clita elitr ipsum possim magna blandit amet eos rebum sed lorem magna sadipscing autem sadipscing labore nulla. Consetetur vel eirmod diam eu. Commodo nam nonummy stet. Accusam vulputate eum quod takimata takimata tincidunt tempor lorem. Erat sea ullamcorper amet magna labore kasd lobortis.\r\n","PageCount":800,"Excerpt":"Labore amet sea et eos sed et erat no sed ipsum gubergren praesent magna et soluta lobortis consetetur. Vero magna nonumy et sea eirmod et dolor et amet nonumy sed amet. Sadipscing augue gubergren et consectetuer in et sanctus dignissim et dolore dolor assum et commodo. Iusto mazim minim laoreet kasd erat vel et dolore in accusam. Kasd est et accusam dolor. Ut eros voluptua ut diam aliquip ad enim lorem dolore zzril ut ea. Diam quis duo consectetuer dolor qui sanctus nonumy sanctus et et sit et. Amet vero sea no accusam vero at tincidunt lorem consequat est. Ea nonumy dolores. At aliquyam ipsum labore amet magna aliquam eos odio at diam est at dolore dolore odio sit veniam. Amet takimata in takimata et vel amet aliquip vel no justo elitr eirmod nisl sit nulla gubergren kasd. Erat elitr amet rebum. Ut aliquyam vero nonumy ea gubergren sanctus labore sed ut labore wisi clita ipsum et suscipit eros in. Sea sed voluptua consetetur facilisis et sit diam dolores hendrerit veniam velit labore imperdiet tempor diam eos. Molestie diam sed duis rebum erat labore mazim iusto. Justo odio et rebum rebum tempor dolor molestie amet elitr.\r\nEirmod ut duo nulla. Kasd sadipscing ipsum. Voluptua doming vulputate rebum consequat invidunt labore consequat labore dolores molestie eirmod dolore diam sit labore lorem dolor. Vero ea stet nibh est nonumy sadipscing dolor justo ipsum takimata consequat. Ipsum ea autem tation veniam praesent no dolor. Te feugiat sed elitr wisi gubergren eu dolor sadipscing dignissim sed nonumy dolor invidunt est. Et diam consequat eos dolor elitr dolore vero tempor justo erat. Feugiat doming sit magna eirmod eirmod duo aliquyam dolore lorem. Labore amet diam clita sea vero at dolor et. Diam sed duis voluptua dolor accusam ipsum. Lobortis justo voluptua labore labore at et clita amet tempor hendrerit. Lorem ut diam sed ipsum eros duo nonumy dolor diam tempor diam duo lorem. Magna lorem gubergren dolore vel nibh nulla amet takimata dolore rebum. Et elitr esse diam at vero. In eu consectetuer kasd sit exerci invidunt et illum nonumy sadipscing.\r\nHendrerit eirmod assum erat magna vero dolore nonumy est ut est invidunt eros sit dolor dolore clita. Dolor accusam diam duo praesent dolore tation ea dolor lorem sadipscing tempor ipsum stet nonummy elit vero ea. Elitr iriure est justo voluptua. Dolor nostrud erat sea sed ea clita amet quis magna lorem stet nibh augue et sea eirmod nonumy. Erat dolor et amet stet eu gubergren praesent lorem lorem kasd nonumy facer. At tempor vero. Eirmod wisi qui nisl voluptua sit eos vero erat stet ut molestie tempor praesent erat odio. Vel ea lorem erat erat duis kasd adipiscing. Dolor et eos in et stet tempor duo gubergren rebum doming esse lorem invidunt tation consectetuer dolor labore sanctus.\r\nVelit voluptua dignissim no nonumy nonumy doming lobortis qui lorem. Et nihil kasd te consectetuer tempor eirmod eirmod dolore ea. Facilisi justo dolores. Iusto diam dolor. Sea vero vero sea wisi molestie amet rebum te adipiscing diam ipsum dolor vero accusam sed. Duo vero aliquyam ea suscipit diam aliquip dolor sit accusam magna nibh vero kasd lorem ut stet dolore dolore. Nonumy elitr dolor no stet ea nonumy sit ipsum nibh magna tempor sed justo dolore. Kasd rebum at voluptua erat consetetur aliquip sit te hendrerit. Iriure magna sit quod duis at sea ipsum magna dolor. Sanctus voluptua ipsum duo nonumy eirmod et te illum id odio et dolor erat stet dolore facilisi. Sed voluptua invidunt consequat voluptua qui sed lorem tempor ipsum elitr praesent molestie. Ut tempor dolore. At lorem dolor stet.\r\nVulputate dolore takimata dolores dolore clita est. Illum dolor dolor minim consectetuer lorem elitr et sed ipsum eos vel. Ea takimata dolor. Sanctus stet vel ut accusam illum et sit eu rebum at odio esse sed et kasd. Amet stet dolores aliquyam molestie diam at eos accusam aliquyam rebum et in autem odio vel. Sed nulla lorem invidunt stet dolor nonumy et labore sanctus erat praesent sed in no kasd. Aliquyam et nonumy consetetur et sit adipiscing illum sed sit eos voluptua sanctus sadipscing sed. Ut amet adipiscing takimata. Illum lorem sea eu nihil iriure sed sit elit stet dolore ipsum. Takimata erat tation velit stet imperdiet dolore minim justo diam dolore suscipit praesent clita et clita ea. Et eu dolor voluptua et facilisi invidunt lorem minim kasd. Sadipscing dolores volutpat duis facer nonummy duis lorem ut sed velit nonumy vero consetetur invidunt clita. Dolore nibh sit eos voluptua. Ut hendrerit et in clita no elitr et accusam dolores. Labore lorem amet. Sed sed ea dolore amet amet takimata dolore sadipscing lorem at duo in. Volutpat dolore ipsum sadipscing dolor amet eu luptatum ut invidunt. Magna et sit et ea ipsum dignissim laoreet et sea eum feugiat eos ad vero vero.\r\n","PublishDate":"2020-10-21T17:53:04.6926235+00:00"},{"ID":9,"Title":"Book 9","Description":"Veniam et et no eos ea vero sanctus tempor gubergren nobis sit sadipscing ea ipsum. Commodo dolor est dolor et quis sanctus accusam vero ut quis et. Kasd vero volutpat est feugait ut clita consetetur. Eum nisl duo duis nibh consectetuer diam vero. Et et at consequat. Facer voluptua duo gubergren justo zzril amet illum eirmod accusam labore dolor nostrud tempor et lorem et. Justo consequat dolor accusam invidunt nulla. Sadipscing velit vero lorem labore diam. Invidunt dolore lobortis et invidunt amet feugiat eos congue diam in lorem. Duo dolor eirmod. Duo vel vulputate ipsum congue dolore ipsum accusam ipsum magna ipsum doming at luptatum lorem erat luptatum sed et.\r\n","PageCount":900,"Excerpt":"Eos diam aliquyam. Vero diam et aliquyam et est ea sadipscing at takimata sit voluptua elitr et. Iusto ipsum dolore aliquam et at. Erat dolor sit et consetetur justo ut vero stet justo et ea tempor molestie sea.\r\nLorem clita accumsan et no et feugiat velit. Ea eirmod duo luptatum. Elitr te stet lorem et clita dolores clita velit delenit eos. Invidunt in vero no aliquam ipsum ea ut ea kasd sit. No eum diam sit eos no dolor clita consectetuer ea duo clita consectetuer et accusam dolores vero no ut. Qui sadipscing accusam amet no erat sed rebum sed nonummy nihil et lobortis ipsum dolor lobortis lorem. Sed eos et labore ullamcorper sit. Et zzril tempor eirmod dolor diam. Amet aliquyam et takimata labore magna ut lorem vel no labore vero invidunt eos dolor. Minim eos sit molestie gubergren diam wisi zzril quod elitr. Tempor sit ex. Et suscipit magna ut dignissim consequat dolore diam in justo stet dolores eirmod dolore dolore dolor dolore. Dolore feugiat dolor vero sadipscing laoreet eu. Accusam lorem hendrerit placerat no vero elitr et sit diam sed est labore sanctus sea elitr consetetur. Dolore erat stet tempor velit. Lorem ipsum mazim volutpat et rebum facilisis blandit eirmod duo erat tempor congue clita vel ut amet.\r\nVero eos diam. Invidunt nonumy amet ea nulla ipsum accumsan lorem gubergren elitr duo stet delenit. Diam elitr at aliquyam gubergren ut justo rebum rebum elitr et rebum sed. Rebum voluptua voluptua accusam at cum dolore duis sadipscing vero no vel sadipscing vero. Consequat sit stet eirmod magna ut autem duo sed iusto tempor dolor sed diam sed dolores est labore dolore. Nonumy sit feugait lorem zzril quod diam et augue vel lorem est vero diam ipsum no erat accusam. Amet delenit tincidunt diam vulputate voluptua no sea dolor in eirmod erat ex. Dolor consetetur facilisi sit. Elitr elitr takimata invidunt stet. Erat dolor gubergren et nonumy sanctus clita erat. Nonummy erat te takimata sadipscing gubergren sit et labore ea odio exerci dolor accusam vero ipsum et sed at. Nonumy eirmod stet elit qui vel et eos consetetur magna no veniam dolor assum sed.\r\nQuis sed eos amet gubergren lorem tincidunt lorem nostrud gubergren amet kasd ad duis sea feugait. Takimata duo takimata aliquam sit lorem. Tempor lorem rebum ipsum nobis. Ipsum autem dolor feugait et dignissim quis erat sanctus eum et invidunt. Ea et ad diam kasd amet sit laoreet. Accusam dolores in et labore ad esse vel lorem accumsan et facilisis magna dolore in kasd vero sanctus voluptua. Et amet tempor gubergren.\r\nDolor lorem dolores at et adipiscing voluptua clita esse ea sadipscing dolore imperdiet diam et duo dignissim. Et sit blandit et. Takimata cum vero et. Stet dolor erat aliquyam rebum consequat blandit justo esse diam nulla aliquip diam odio sanctus et lorem ipsum gubergren. Minim eos delenit no molestie aliquyam dolor voluptua kasd sit vero odio veniam tempor diam justo dolor ut. Consequat elitr eirmod nisl nisl clita justo eu sit voluptua dolore eirmod facilisis sanctus consequat at sed. Et hendrerit accusam augue et. Ut dolore nulla sadipscing adipiscing tation ipsum amet illum kasd est justo eos erat option id aliquyam. Clita est sed sanctus. In esse et dolores vero elit sed possim amet mazim dolores vero. Facilisi ipsum nam dolore ipsum amet erat in stet dolores in rebum vulputate ea et vel. Accusam illum nonumy invidunt dolor magna id justo lorem no aliquyam nisl esse elitr at feugiat gubergren no. Facilisis vel justo duo et duo magna invidunt. Iusto invidunt lorem vulputate kasd invidunt dolores.\r\n","PublishDate":"2020-10-20T17:53:04.6926235+00:00"},{"ID":10,"Title":"Book 10","Description":"Nam eum rebum et et. Praesent ipsum dolore eum at ut labore est diam nulla ut. Et sed invidunt sed consequat dignissim voluptua ut eirmod. Nonumy facilisis dolores sanctus lorem dolor dolore et et vero eum magna et takimata sit elitr clita sea dolores. Gubergren sit diam ipsum adipiscing et. Labore kasd dolores dolore liber ut et ut sanctus diam sanctus vulputate consetetur euismod gubergren feugait illum dolor. Duo ea ipsum et takimata diam elitr sed accusam sed nam sit ut consetetur mazim et et takimata. Lobortis dolor clita dolor ea volutpat exerci sed. Elit et vero lobortis sea sanctus dolore amet duo stet dignissim dolor diam zzril dolor vel dolor dignissim rebum. Dolores justo gubergren vero diam. At dolor sea consequat dolore kasd nibh amet diam ut labore ea et.\r\n","PageCount":1000,"Excerpt":"Duo consequat stet dolor dolor vero rebum elit molestie ipsum dolore kasd amet dolor dolor stet quis wisi diam. Et gubergren eum iusto dolor lorem et sed lorem molestie consetetur justo molestie consectetuer soluta iusto diam suscipit erat. Sea labore dolore invidunt vero sit elitr rebum feugait aliquam et tempor ipsum est ipsum laoreet. Vero kasd augue. Assum voluptua elitr tempor ipsum dolore. Ea erat sadipscing velit et ullamcorper vel dolore lorem veniam sit est ea nibh. Et vulputate dolor sanctus stet stet aliquyam. Erat luptatum magna wisi diam kasd elitr vulputate gubergren facilisis ea accusam et.\r\nSed molestie duo velit dolor et invidunt labore sit sadipscing eos gubergren. Est odio diam tempor no lorem stet dolore accusam diam. Sit eirmod elit et ea est ut eirmod labore rebum ipsum invidunt vero iusto suscipit vel lorem eu. Duis sanctus nulla facilisi gubergren et soluta eos vel volutpat sit amet sanctus augue. Dolor gubergren stet gubergren esse. Est at sed mazim qui odio. Accusam consetetur praesent labore ipsum duo blandit dignissim dolor tincidunt takimata facilisis eros nihil doming kasd dolores facilisis. Et et labore sadipscing nonumy est duis no tempor consetetur elit labore gubergren tation sed et diam dolor. Rebum sit blandit magna duo facilisi quis et ipsum esse amet sit rebum et eos voluptua et tempor. Velit clita duis consequat consetetur illum at vulputate lorem nonumy et rebum vero. Et invidunt magna consectetuer sed duo erat tempor molestie ea sed veniam nulla sed. Diam consetetur nibh duo vero at sed eos.\r\nQuis takimata kasd magna magna lorem sed nostrud dolore et illum no eirmod elitr gubergren ipsum. Ipsum duo veniam ea eum nonumy eos takimata quod velit. Sit kasd magna feugait clita nulla ut at sanctus diam ipsum. Ut cum sit gubergren at dolore ut sanctus voluptua sed praesent hendrerit dolore tempor tempor dolor eros.\r\nEt magna velit tempor dolor dolores kasd amet tempor dolore. Eos eum diam illum dolor sadipscing lorem dolore aliquyam sed diam sit magna et duo sit sit tempor dolores. Ut et dolor ea diam facilisis.\r\nQuod facilisis tempor ut in voluptua sea et ut qui sea eu invidunt sit diam feugiat placerat voluptua tempor. Et voluptua rebum ut labore clita labore vel elitr dolor amet et. Ipsum et vulputate autem lorem sit suscipit at adipiscing. Gubergren erat no vel illum diam consetetur et lorem dolore et. Dolor dolor qui gubergren odio lorem duis erat diam tation at stet et. Nonummy minim eos iriure magna enim ut kasd clita amet hendrerit option cum at. Et et lobortis feugiat voluptua sanctus diam sea. Amet nisl eos kasd nonumy nonumy aliquyam sit vero elitr consequat ipsum lorem consectetuer aliquyam dolore. Erat feugiat eirmod kasd vel eirmod amet. Vel sea accusam nonumy ipsum sit clita kasd ad gubergren voluptua elitr et delenit erat veniam.\r\n","PublishDate":"2020-10-19T17:53:04.6926235+00:00"},{"ID":11,"Title":"Book 11","Description":"Ea dignissim dolores invidunt et stet sed takimata dolor. Dolore euismod diam at consetetur placerat sed vulputate sea nonummy sit clita nulla clita ea lorem ut. Doming sit clita stet blandit gubergren hendrerit est congue sadipscing aliquyam sed velit invidunt diam. Eu consectetuer gubergren eos sit in nonumy dolor. Consetetur dolor tempor sit sadipscing ut augue sit et consetetur tempor diam dolore rebum sit sed. Erat sed iriure sit gubergren zzril. Eirmod et consequat sit sea quod sed ipsum invidunt hendrerit aliquyam sed cum justo no lorem elitr lorem. Gubergren dolore vero eu zzril et erat augue voluptua. Ut eos minim dolores elitr et. Rebum dolor magna luptatum et et consetetur nisl qui. Sadipscing sit accumsan commodo quis magna sed sed et sit dolores takimata. Liber et sit dolor hendrerit. Duo sit no dolores diam ullamcorper. Clita dolor ex sea diam sit ea gubergren stet ex sed sed magna.\r\n","PageCount":1100,"Excerpt":"Consetetur stet feugait eum sanctus in kasd tempor aliquyam ea diam. Et voluptua at nibh. Et vero et vero. Eu est est accumsan est dolor consetetur erat invidunt nonumy lorem consectetuer sed qui ut accusam. Magna dolore mazim. Soluta et diam nonumy est. Dolor eum sanctus sanctus ea nonumy eirmod et magna vero magna doming rebum ea amet sed labore dolor. Dolor takimata magna. Autem et vulputate eirmod consetetur hendrerit mazim eos dolore ex augue vero sanctus sea vero sanctus ut tempor. Aliquyam vero sit. Consectetuer te lorem dignissim at at ad accusam et ad lorem dolore sea sea in invidunt ea duis tempor. Sit facer elitr quis consetetur dolor eos sit sed lorem sanctus et vel dolor euismod takimata et in. Sanctus hendrerit dolor elitr amet no duis labore et vulputate. Aliquyam eos et sed vero amet diam clita nibh suscipit lorem voluptua aliquyam. Kasd volutpat magna et tincidunt invidunt nonumy nisl molestie dolore.\r\nIpsum feugait est esse sit magna sit dolore molestie nisl sit takimata dolores amet labore erat ut. Est nostrud suscipit esse nostrud gubergren accusam diam. Elit sit eos diam magna lorem invidunt dolor at magna diam nibh sanctus. Ullamcorper diam dolor diam aliquyam sanctus est lorem veniam duis. Invidunt dolore eu consectetuer tempor. Kasd ut nulla gubergren sit ea dolor takimata autem accusam stet augue dolor magna iusto clita. Ut amet et laoreet dolor quis option dolor nonummy dolor sit illum. Mazim aliquyam eos amet. Dolor vero quis gubergren nulla dolor facilisi velit nonumy nostrud sit tempor lorem rebum eos et vel dolor. Eirmod in sit ut voluptua dolor erat magna diam feugait clita dolor. Ipsum at magna dolore ea vel diam invidunt autem dolor tempor. Adipiscing justo augue nonummy sadipscing no. At nostrud et. Dolore in sed eos vero dolor eirmod dolor elitr tempor at sed eu. Erat erat labore sadipscing sit sanctus nibh tempor euismod in eu ipsum. Mazim no eum dolore dolore est amet consetetur takimata accumsan at in. Sea diam rebum dolore dolore magna molestie assum est consequat no wisi nonumy in tempor.\r\nIriure dolores zzril ipsum consetetur takimata nonummy ipsum et aliquip et voluptua dolor sit aliquyam. Sea lorem dolor. Ut justo vero erat facilisi dolor sadipscing clita zzril sanctus praesent autem. Feugait dolor dolore ullamcorper accusam consetetur augue ut aliquyam sit invidunt tincidunt kasd ipsum eu. Amet clita nulla et invidunt stet stet dolores nostrud lorem gubergren et lorem diam eos et sed. Option labore feugiat dolor diam sea invidunt magna imperdiet erat. Dolore elitr praesent in et eirmod dolor delenit dolore amet. Eos justo vel volutpat in et lorem velit et exerci est. Clita duo sit duo. Dolore et et eos dolore no sea eos feugiat et. Et sed sanctus lorem takimata exerci et dolores ea amet. Stet kasd ea iriure eirmod. Elitr amet sed stet labore consetetur duo vel sed commodo voluptua eirmod sanctus ipsum.\r\nDiam at sadipscing magna clita labore et sed sit feugiat velit eirmod et nam nonummy dolore amet dolor. Dolore minim ex et ipsum nonumy amet consetetur sadipscing facer dolore et duo rebum eirmod mazim in congue. Dolor ipsum sed et et et no feugiat lorem eleifend et est lorem rebum nostrud. Hendrerit et clita dolore dolore magna feugiat eirmod stet sanctus vulputate iriure doming justo no quod ut. Sed lorem eos duo. Accusam sit duis erat kasd accusam nulla vel augue dolor commodo et mazim. Nonumy rebum lobortis sea erat blandit ut diam erat nulla accusam amet dolor dolor et amet. Zzril mazim nonumy dignissim nibh voluptua rebum sit dolores amet lobortis takimata dolor velit facilisi et sit.\r\nVel consetetur consetetur erat dolores dolor labore tempor vel no magna dolor. Sed diam sit takimata. Dolores eirmod ut clita et vero vero dolor diam clita sed esse ullamcorper nonumy no sed aliquam kasd. Eos sit diam adipiscing magna labore et. Praesent ipsum rebum voluptua sea est aliquyam eos rebum sanctus diam at diam diam. Et adipiscing diam accusam rebum lorem. Dolor ipsum et kasd ipsum est rebum duis vel nonumy. Ex takimata augue elitr sit exerci tempor lorem sea et diam volutpat feugiat et facilisis amet eos at est.\r\n","PublishDate":"2020-10-18T17:53:04.6926235+00:00"},{"ID":12,"Title":"Book 12","Description":"Vero et voluptua clita amet lorem illum at volutpat erat consetetur nonumy in vel nostrud et. Quis autem rebum ut clita nulla duis ea commodo iusto. Zzril eum rebum esse feugiat voluptua tincidunt consectetuer feugait ipsum illum eum praesent nonumy sit nisl ut et. Dolor ut ut cum sanctus. Dolores at sed euismod autem ipsum diam in sed sit et aliquyam et sed et.\r\n","PageCount":1200,"Excerpt":"Liber takimata sit duo eleifend dolor. No magna ipsum et eros nulla nulla clita consetetur diam sadipscing et vero diam sit magna no cum vero. Eu elit sadipscing sed qui nonumy lorem clita. Consequat diam tempor molestie accusam amet sit sed ex facilisis et lorem. Dolore magna diam sea nonumy justo feugiat stet. Euismod vero tempor et enim sit vero ut no dolor eirmod et sed sit eos. Nibh vero kasd ad accusam vel erat labore ut aliquyam consequat no. Dolores hendrerit ad feugiat eos duo praesent et elitr ut dolor sadipscing eos. Amet sea amet et est amet eos dolor nonummy. Diam aliquyam lorem eum dolore molestie kasd. Erat dolor vero dolores diam duis. Labore lorem eum rebum. Sadipscing amet lorem sed sadipscing enim eros takimata et no. Commodo accusam amet magna eirmod lorem diam sadipscing sit sanctus ipsum nonummy diam sadipscing. Nonumy aliquyam ut adipiscing et dolore facer commodo amet eros ut ut takimata nonumy nulla. Nam ut et. Kasd at sit blandit duo sed justo dolore sed amet est takimata vero eirmod enim aliquyam et et. Dolor sit duo rebum lorem amet tempor. Magna euismod et duo et dolor ea gubergren iusto est dolore vel.\r\nDolor et at dolor. Dolor amet consetetur dolor est eu sit euismod justo. Dolor et odio est no aliquip labore diam sit dolores id dolores dolores dolor vero ea odio. Takimata elitr tation amet voluptua elitr at vero ut at sanctus et velit. Dolores et vero in lorem rebum facilisis sanctus.\r\nEos nonumy sed duo gubergren sadipscing ipsum at et eu erat duis. Congue et sit eu et diam feugait ut amet consetetur sadipscing nonumy eu magna consectetuer diam est eos dolor. Cum invidunt dolore consequat nam sadipscing facilisis possim nulla ipsum sed. Rebum dolore sea eos at sit adipiscing sadipscing no ut sed. Ullamcorper iriure stet dolore gubergren ipsum gubergren lorem.\r\nLobortis consetetur sit kasd. Dolores dolor ipsum aliquyam eirmod amet illum et dolor amet eos diam sed nulla sadipscing dolores in. Eum sadipscing et no lorem ipsum duo at labore enim erat at praesent eirmod amet vero diam et clita. Sadipscing labore sed. Amet sadipscing diam sanctus sadipscing ipsum et lorem dolore ipsum accusam dolores et at dolores aliquip. Elit vero diam ea et no exerci sed in liber dolor. Sed kasd dignissim te rebum.\r\nJusto doming dolor sit dolore vel justo euismod dolores kasd accusam tempor congue elitr takimata voluptua. Vero vero sed illum invidunt. Eum ea at. Veniam rebum labore elitr amet gubergren vero vel consetetur dolores possim. Autem ut clita lobortis. Sadipscing consequat et nobis tempor nonumy kasd clita eos erat.\r\n","PublishDate":"2020-10-17T17:53:04.6926235+00:00"},{"ID":13,"Title":"Book 13","Description":"Erat ipsum eos sadipscing suscipit diam erat magna tempor at et amet sed sed diam volutpat consequat aliquyam. Ea kasd aliquyam sit consetetur stet takimata no accusam eu nonumy ut ut labore lorem dolore at. Dolor invidunt labore eros lorem sea lorem. Sed dolore lorem sed iriure sit consectetuer magna voluptua. Ut eos dolore clita voluptua kasd at voluptua at praesent. Sed sadipscing vel at consetetur. Dolor ut consequat facer dolore autem no lorem sea qui velit. Ipsum esse tincidunt. Feugait ut magna nulla et at amet lorem gubergren duis diam elit. Magna vero ea lorem et aliquyam aliquip kasd luptatum eleifend erat. Consetetur invidunt erat erat labore diam te est veniam diam duis consetetur. Labore sit delenit sanctus gubergren kasd eos sadipscing sit ipsum vero exerci. Magna kasd amet est est accusam at at velit consetetur duo no qui tempor elitr. Ut in duo ut volutpat. Amet no nonumy sed ut sed. Tempor at blandit takimata vero. Vero ipsum ipsum dolores at et nonumy augue amet sadipscing adipiscing labore sanctus nulla vero elitr erat. Et dolor est accusam adipiscing. Sanctus delenit at dolores vel et.\r\n","PageCount":1300,"Excerpt":"No amet sit dolor nostrud wisi quis kasd justo lorem dolore et. Eirmod duo dolore commodo invidunt diam. Sea sit magna eu sea ut sit accusam diam eros magna facilisi vel. Duo odio autem eos dolore ipsum hendrerit. Sit ad at dolores et eirmod at euismod qui consetetur diam labore congue sadipscing voluptua gubergren lorem et.\r\nRebum sea et zzril amet nulla magna invidunt sadipscing est cum et. Eum sed sit stet accusam facer et nulla. Accumsan clita magna tempor sed luptatum voluptua laoreet eirmod magna diam rebum velit duis magna sed. Sanctus erat tincidunt stet sea ea facilisis ipsum diam eirmod facer consequat. Dignissim tempor minim labore clita dolore eos duo ad lobortis at et duo nibh sed amet at. Et diam facilisis et accusam clita takimata invidunt sanctus placerat amet rebum sadipscing clita sea sed ullamcorper nonumy. Eirmod duo euismod sed lorem eos. Et rebum facer qui takimata eos dolores accusam. Duis clita duis dolor gubergren wisi consetetur kasd veniam vulputate nisl duo et amet vero dolore dolore tempor amet. Erat commodo ea quis accusam ut et magna et stet erat amet amet diam amet blandit. Duo no ullamcorper sanctus et nostrud sadipscing euismod ipsum aliquyam labore amet stet et lorem dolores. Accusam augue at.\r\nEleifend duo diam dolore diam nonumy est ipsum tempor tempor consetetur clita magna gubergren autem enim ipsum nibh. Lorem ea clita eirmod nibh. Ea accumsan kasd dolor ipsum erat duis diam et takimata dolor duis. Congue kasd tation nisl eos dolore kasd sea vero duo rebum ipsum no et delenit ut blandit congue takimata. Erat in dolor soluta accusam at et lorem eleifend clita elit wisi rebum at. Magna takimata et labore suscipit. Duo voluptua ipsum autem diam takimata est eu dolor justo ipsum diam ut assum erat stet sit aliquyam. Et sea accumsan cum takimata gubergren eu nulla et labore dolor qui iusto molestie dolore et sadipscing molestie. Sed ullamcorper sit blandit. Et vero delenit sit. Lorem eos consetetur feugiat nibh nibh invidunt. Eirmod eum at dolore ex aliquam. Invidunt eirmod et vero sit lorem consetetur sed adipiscing tation et eum accusam diam stet autem. Ea euismod ut at sit vulputate vero aliquyam dolor clita clita sea. Nonumy sanctus sea sadipscing diam sed eos sit elitr diam dolores dolore ut nulla eirmod et. Duo option odio. Eros justo takimata kasd sed eos rebum erat sed eos sanctus invidunt aliquyam stet no.\r\nConsequat eos sed suscipit est vel voluptua aliquip et sit dolor rebum elitr. Et justo clita rebum esse sed nisl illum minim est eirmod autem. Sadipscing accusam labore takimata amet quis nulla stet amet exerci at. Est dolores magna invidunt dolor praesent et molestie dolor erat nonumy vero possim enim. Clita erat gubergren ipsum sed et rebum eu ex gubergren vel veniam accusam accusam. No lorem et vero at ut amet sanctus dolore labore et erat blandit et nonumy justo dignissim. Ea justo nonumy dolor dolor et amet enim facilisis dolores sea ut sit suscipit est. Feugiat diam iusto.\r\nNonumy no assum ut sed justo eirmod sea sadipscing ad clita ex sadipscing. Dolore vero sanctus eirmod ipsum est invidunt sed ipsum. Invidunt sit veniam iriure at accumsan dolor. Lorem eos erat et ut sed no sit elitr erat facer. Sea dolor nonummy ut et et sed labore voluptua tempor ipsum et et lorem duis elitr nonumy. Tempor in wisi ut eos duo accusam zzril rebum takimata nonumy kasd erat ut nobis. Blandit eum et at accumsan velit eros lorem clita eros quis feugait at ut elitr erat at eos. Sed rebum duo feugait eirmod vulputate sea et est dolores sanctus hendrerit. Ea magna sed. Takimata takimata et nulla gubergren vel sed et. Clita eros ipsum ea ipsum velit nisl iriure suscipit. At accusam dolore labore veniam justo et esse. Ea ut velit vero dolor accusam sit sadipscing sed diam diam sanctus kasd autem erat. Eu et accusam invidunt minim facilisis option duo luptatum consetetur rebum. Elit possim erat amet gubergren vero sanctus eu sed sed. Augue aliquyam dolor et tempor eirmod kasd clita dolore iusto diam liber takimata sanctus ut stet et.\r\n","PublishDate":"2020-10-16T17:53:04.6926235+00:00"},{"ID":14,"Title":"Book 14","Description":"Nonumy nonumy nulla dolor vero takimata. Elitr consetetur sit sanctus lorem vel. Feugait ea molestie dolore in dolor odio. Magna aliquyam tempor duis vero euismod labore nonumy magna. Dolore eos esse duo tincidunt sed rebum consetetur vulputate ad justo amet accusam eirmod vel kasd. Ex accusam sit kasd eros justo qui sanctus eirmod rebum. Erat odio sit takimata lorem enim est dolor dolore consequat erat stet gubergren lorem labore erat no. Invidunt amet dolore tempor et aliquyam ut autem at consetetur vulputate dolore labore amet tempor erat. Nulla takimata sanctus elitr volutpat dolores sea lorem nulla et consequat tempor enim. Nonumy ut sit nonumy aliquyam at sed eirmod feugait sed dolores sit accusam labore et ipsum lorem. Eirmod duo lorem commodo nam eirmod. Lorem facilisi dolore voluptua nonummy lorem tempor accusam adipiscing eos et erat. No nonumy molestie illum et in et. Sit duis feugiat quis invidunt iriure lorem ea voluptua.\r\n","PageCount":1400,"Excerpt":"In accusam adipiscing iriure at. Ipsum eirmod consetetur rebum amet et consequat et dolore vero rebum dolor lorem. Commodo dolore dolore assum. Eos sadipscing elitr lorem accusam. Dolores invidunt lorem nulla feugiat dolore et invidunt takimata erat stet ullamcorper. Wisi consequat diam lorem eos lorem ex ut consetetur velit augue dolor aliquam consetetur. Elitr ad iriure adipiscing takimata sed dolor erat dolore ad. Nonumy at et kasd dolore ut delenit ipsum nonummy diam kasd dolor hendrerit ullamcorper. Magna vel stet lobortis voluptua hendrerit iusto. Elitr diam ipsum justo takimata in ipsum consetetur tincidunt sit. Dolor et vero feugiat sadipscing vero qui lorem et eos consetetur duo dolor lorem et nulla ut. Eos in rebum sanctus nulla kasd labore tempor no sit. Ipsum diam elitr kasd stet lobortis eros et velit feugiat tation sanctus. Sed gubergren labore at amet ut labore sit aliquyam vero dolore voluptua ut dolor consequat. Tempor rebum sit eirmod sadipscing amet ea sit et elitr sit et esse. Dolor duo dolor sed hendrerit ipsum et clita cum duo dignissim.\r\nSadipscing takimata diam sed hendrerit dolor diam feugait rebum gubergren sed dolor lorem imperdiet. Invidunt ipsum justo elit facilisis. Dolore nonumy kasd vel nonumy et et invidunt et kasd diam dolor sanctus zzril eu dolor amet exerci. Aliquyam eos diam placerat lorem consetetur aliquyam ea sanctus eirmod praesent ea no. Euismod vulputate takimata veniam sed wisi justo sea commodo praesent est in. Duo et sanctus sit lorem stet et. Sea stet lorem sit ad. Voluptua mazim invidunt facilisis magna sanctus gubergren ut ipsum dolores elitr. Et sit in et luptatum eos magna justo amet amet takimata dolore. Feugiat tempor vero. Placerat amet nonummy minim tation enim diam gubergren. Aliquyam lobortis sed et no at exerci lobortis diam ut sit ea invidunt et dolor at dignissim magna ut. Erat ea est nisl velit duo. Sanctus kasd justo erat erat sanctus amet magna dolore sed velit ea sed at.\r\nDolore et accusam labore volutpat mazim vel doming sit clita sea kasd gubergren aliquyam nonummy. Commodo feugait ipsum lorem nonumy duo te in eros consetetur. At nulla esse et elitr assum no facer. Stet ipsum lorem iriure amet duo amet stet dignissim et volutpat dolor quis. Est duo sit amet dolore magna in. Nulla feugiat accumsan no duo et duo sit gubergren commodo sadipscing sanctus duo gubergren amet adipiscing clita sed.\r\nDolore magna at magna rebum et facilisi dolor sanctus vero stet. Sea commodo lorem ipsum ipsum eos lorem zzril. Magna takimata dolores et doming nulla nam ut ipsum est ullamcorper stet vulputate liber. Justo ut volutpat. Labore sadipscing lorem ipsum sadipscing lobortis diam amet. Molestie sit et hendrerit adipiscing no blandit diam at et facilisis vero eleifend ut no dolor aliquip erat eos. Ipsum sed diam et stet vel sit erat est aliquyam. Ipsum elitr eirmod dolor praesent sit clita invidunt duo et enim id invidunt duis justo amet dolores.\r\nDolores ipsum ipsum ut iusto est blandit. Consetetur sit dolores et quod adipiscing lorem feugiat dolore erat ipsum. Consetetur ullamcorper vero ex magna dolor nulla at ea dolor et et gubergren hendrerit amet.\r\n","PublishDate":"2020-10-15T17:53:04.6926235+00:00"},{"ID":15,"Title":"Book 15","Description":"Lorem wisi sanctus quis dolores sed ad eu sea ea ex duo amet clita accusam aliquip. Rebum ipsum feugait augue velit sed. Sadipscing lorem stet lorem accusam luptatum vero sadipscing accusam. Eos vulputate feugiat et ut. Sed consetetur dolore congue in aliquyam. Nonummy justo at ullamcorper ea et clita praesent et invidunt tempor et qui ut. Ipsum rebum et eirmod enim vero eum in. Rebum no congue diam lorem facilisi. Vero molestie magna kasd invidunt dolore lorem sea dolor sit facilisis delenit et id et no dolor. Takimata ea consetetur et euismod lorem volutpat ipsum odio amet sed est justo sanctus nonumy voluptua magna. Molestie ipsum option erat delenit kasd eros. Sed et aliquip veniam stet nonummy amet ut feugait tempor sed eos elitr luptatum ea eu. Ullamcorper kasd autem lorem no cum delenit justo sit diam consectetuer amet dolor consequat erat vel aliquyam. Duo et erat est lorem erat consequat diam voluptua magna nonumy delenit vulputate nibh dolore sanctus sed. Clita dolor elitr consequat possim et rebum. Magna est lorem dolore accumsan nostrud sed rebum.\r\n","PageCount":1500,"Excerpt":"Ipsum elit at amet vero erat autem eirmod consetetur consequat diam takimata ut augue tempor velit sed vero. Sit magna dolores. Facilisi dolor ipsum kasd clita nulla mazim no lorem diam clita minim lorem delenit magna nibh clita. Facilisis accusam nonumy takimata commodo et kasd ipsum consectetuer ipsum sanctus qui at eu takimata dolor amet duo. Clita in et dolor ut et sed hendrerit et diam clita sed aliquyam duo sit ut liber. Sit elitr ipsum nonumy eos ut sed eirmod consetetur ut lorem.\r\nAmet ea labore est duo labore consequat vel amet. Aliquyam rebum vulputate et tincidunt ea congue sit gubergren ullamcorper eos elit et hendrerit voluptua eirmod delenit. Et diam vero takimata aliquyam nonumy. No eleifend invidunt et nonumy dolor amet sed vero justo lorem ut diam at laoreet sit tempor dolore et. Et et sed stet sit eos eirmod est in. Ea sadipscing est diam sit sea duo clita labore aliquip placerat quod sit accusam eos iusto. Feugiat eu eos sed sit invidunt lorem aliquyam et dolore ea. Eos invidunt at iriure sed sit lorem. Et lorem at tempor consequat te nisl ut. Est takimata clita. Erat et ea ea velit sed dolore et labore vulputate laoreet. Stet tempor erat eos erat accusam dolor diam adipiscing erat dolor ipsum duo clita aliquyam ipsum vero sadipscing in. Nibh no at ea dolor sed vero sit vulputate justo san
[...]
</kw>
<kw name="Should Not Be Empty" library="BuiltIn">
<doc>Verifies that the given item is not empty.</doc>
<arguments>
<arg>${RESPOSTA.json()["Excerpt"]}</arg>
</arguments>
<msg timestamp="20201029 14:53:08.283" level="INFO">Length is 3452</msg>
<status status="PASS" starttime="20201029 14:53:08.282" endtime="20201029 14:53:08.283"></status>
</kw>
<kw name="Should Not Be Empty" library="BuiltIn">
<doc>Verifies that the given item is not empty.</doc>
<arguments>
<arg>${RESPOSTA.json()["PublishDate"]}</arg>
</arguments>
<msg timestamp="20201029 14:53:08.283" level="INFO">Length is 33</msg>
<status status="PASS" starttime="20201029 14:53:08.283" endtime="20201029 14:53:08.283"></status>
</kw>
<status status="PASS" starttime="20201029 14:53:08.278" endtime="20201029 14:53:08.284"></status>
</kw>
<status status="PASS" starttime="20201029 14:53:07.989" endtime="20201029 14:53:08.285" critical="yes"></status>
</test>
<test id="s1-t3" name="Cadastrar um novo livro (POST)">
<kw name="Cadastrar um novo livro" library="ResourceAPI">
<kw name="Post Request" library="RequestsLibrary">
<doc>Send a POST request on the session object found using the
given `alias`</doc>
<arguments>
<arg>fakeAPI</arg>
<arg>Books</arg>
<arg>data={"ID": ${BOOK_201.ID},"Title": "${BOOK_201.Title}","Description": "${BOOK_201.Description}","PageCount": ${BOOK_201.PageCount},"Excerpt": "${BOOK_201.Excerpt}","PublishDate": "${BOOK_201.PublishDate}"}</arg>
<arg>headers=${HEADERS}</arg>
</arguments>
<assign>
<var>${RESPOSTA}</var>
</assign>
<msg timestamp="20201029 14:53:08.553" level="INFO">POST Request : url=https://fakerestapi.azurewebsites.net/api//Books 
 path_url=/api//Books 
 headers={'User-Agent': 'python-requests/2.24.0', 'Accept-Encoding': 'gzip, deflate', 'Accept': '*/*', 'Connection': 'keep-alive', 'content-type': 'application/json', 'Cookie': 'ARRAffinity=fe5631ef2a6b16b646e570e79f0f1363c734e7f13cc1e82c54e9a24574ffecf6; ARRAffinitySameSite=fe5631ef2a6b16b646e570e79f0f1363c734e7f13cc1e82c54e9a24574ffecf6', 'Content-Length': '190'} 
 body=b'{"ID": 201,"Title": "Meu novo Book","Description": "Meu novo livro conta coisas fant\xc3\xa1sticas","PageCount": 523,"Excerpt": "Meu Novo livro \xc3\xa9 massa","PublishDate": "2018-04-26T17:58:14.765Z"}' 
 </msg>
<msg timestamp="20201029 14:53:08.553" level="INFO">POST Response : url=https://fakerestapi.azurewebsites.net/api//Books 
 status=200, reason=OK 
 body={"ID":201,"Title":"Meu novo Book","Description":"Meu novo livro conta coisas fantásticas","PageCount":523,"Excerpt":"Meu Novo livro é massa","PublishDate":"2018-04-26T17:58:14.765Z"} 
 </msg>
<msg timestamp="20201029 14:53:08.553" level="INFO">c:\users\leonardo medeiros\appdata\local\programs\python\python38-32\lib\site-packages\urllib3\connectionpool.py:981: InsecureRequestWarning: Unverified HTTPS request is being made to host 'fakerestapi.azurewebsites.net'. Adding certificate verification is strongly advised. See: https://urllib3.readthedocs.io/en/latest/advanced-usage.html#ssl-warnings
  warnings.warn(</msg>
<msg timestamp="20201029 14:53:08.554" level="INFO">${RESPOSTA} = &lt;Response [200]&gt;</msg>
<status status="PASS" starttime="20201029 14:53:08.289" endtime="20201029 14:53:08.554"></status>
</kw>
<kw name="Log" library="BuiltIn">
<doc>Logs the given message with the given level.</doc>
<arguments>
<arg>${RESPOSTA.text}</arg>
</arguments>
<msg timestamp="20201029 14:53:08.555" level="INFO">{"ID":201,"Title":"Meu novo Book","Description":"Meu novo livro conta coisas fantásticas","PageCount":523,"Excerpt":"Meu Novo livro é massa","PublishDate":"2018-04-26T17:58:14.765Z"}</msg>
<status status="PASS" starttime="20201029 14:53:08.555" endtime="20201029 14:53:08.555"></status>
</kw>
<kw name="Set Test Variable" library="BuiltIn">
<doc>Makes a variable available everywhere within the scope of the current test.</doc>
<arguments>
<arg>${RESPOSTA}</arg>
</arguments>
<msg timestamp="20201029 14:53:08.555" level="INFO">${RESPOSTA} = &lt;Response [200]&gt;</msg>
<status status="PASS" starttime="20201029 14:53:08.555" endtime="20201029 14:53:08.555"></status>
</kw>
<status status="PASS" starttime="20201029 14:53:08.289" endtime="20201029 14:53:08.555"></status>
</kw>
<kw name="Conferir o status code" library="ResourceAPI">
<arguments>
<arg>200</arg>
</arguments>
<kw name="Should Be Equal As Strings" library="BuiltIn">
<doc>Fails if objects are unequal after converting them to strings.</doc>
<arguments>
<arg>${RESPOSTA.status_code}</arg>
<arg>${STATUSCODE_DESEJADO}</arg>
</arguments>
<msg timestamp="20201029 14:53:08.557" level="INFO">Argument types are:
&lt;class 'int'&gt;
&lt;type 'unicode'&gt;</msg>
<status status="PASS" starttime="20201029 14:53:08.556" endtime="20201029 14:53:08.557"></status>
</kw>
<status status="PASS" starttime="20201029 14:53:08.556" endtime="20201029 14:53:08.557"></status>
</kw>
<kw name="Conferir o reason" library="ResourceAPI">
<arguments>
<arg>OK</arg>
</arguments>
<kw name="Should Be Equal As Strings" library="BuiltIn">
<doc>Fails if objects are unequal after converting them to strings.</doc>
<arguments>
<arg>${RESPOSTA.reason}</arg>
<arg>${REASON_DESEJADO}</arg>
</arguments>
<status status="PASS" starttime="20201029 14:53:08.558" endtime="20201029 14:53:08.558"></status>
</kw>
<status status="PASS" starttime="20201029 14:53:08.557" endtime="20201029 14:53:08.558"></status>
</kw>
<kw name="Conferir se retorna todos os dados cadastrados do livro &quot;201&quot;" library="ResourceAPI">
<kw name="Conferir livro" library="ResourceAPI">
<arguments>
<arg>${ID_LIVRO}</arg>
</arguments>
<kw name="Dictionary Should Contain Item" library="Collections">
<doc>An item of ``key`` / ``value`` must be found in a ``dictionary``.</doc>
<arguments>
<arg>${RESPOSTA.json()}</arg>
<arg>ID</arg>
<arg>${BOOK_${ID_LIVRO}.ID}</arg>
</arguments>
<status status="PASS" starttime="20201029 14:53:08.559" endtime="20201029 14:53:08.560"></status>
</kw>
<kw name="Dictionary Should Contain Item" library="Collections">
<doc>An item of ``key`` / ``value`` must be found in a ``dictionary``.</doc>
<arguments>
<arg>${RESPOSTA.json()}</arg>
<arg>Title</arg>
<arg>${BOOK_${ID_LIVRO}.Title}</arg>
</arguments>
<status status="PASS" starttime="20201029 14:53:08.560" endtime="20201029 14:53:08.560"></status>
</kw>
<kw name="Dictionary Should Contain Item" library="Collections">
<doc>An item of ``key`` / ``value`` must be found in a ``dictionary``.</doc>
<arguments>
<arg>${RESPOSTA.json()}</arg>
<arg>Description</arg>
<arg>${BOOK_${ID_LIVRO}.Description}</arg>
</arguments>
<status status="PASS" starttime="20201029 14:53:08.560" endtime="20201029 14:53:08.561"></status>
</kw>
<kw name="Dictionary Should Contain Item" library="Collections">
<doc>An item of ``key`` / ``value`` must be found in a ``dictionary``.</doc>
<arguments>
<arg>${RESPOSTA.json()}</arg>
<arg>PageCount</arg>
<arg>${BOOK_${ID_LIVRO}.PageCount}</arg>
</arguments>
<status status="PASS" starttime="20201029 14:53:08.561" endtime="20201029 14:53:08.562"></status>
</kw>
<kw name="Dictionary Should Contain Item" library="Collections">
<doc>An item of ``key`` / ``value`` must be found in a ``dictionary``.</doc>
<arguments>
<arg>${RESPOSTA.json()}</arg>
<arg>Excerpt</arg>
<arg>${BOOK_${ID_LIVRO}.Excerpt}</arg>
</arguments>
<status status="PASS" starttime="20201029 14:53:08.563" endtime="20201029 14:53:08.564"></status>
</kw>
<kw name="Dictionary Should Contain Item" library="Collections">
<doc>An item of ``key`` / ``value`` must be found in a ``dictionary``.</doc>
<arguments>
<arg>${RESPOSTA.json()}</arg>
<arg>PublishDate</arg>
<arg>${BOOK_${ID_LIVRO}.PublishDate}</arg>
</arguments>
<status status="PASS" starttime="20201029 14:53:08.564" endtime="20201029 14:53:08.564"></status>
</kw>
<status status="PASS" starttime="20201029 14:53:08.559" endtime="20201029 14:53:08.564"></status>
</kw>
<status status="PASS" starttime="20201029 14:53:08.559" endtime="20201029 14:53:08.564"></status>
</kw>
<status status="PASS" starttime="20201029 14:53:08.288" endtime="20201029 14:53:08.572" critical="yes"></status>
</test>
<test id="s1-t4" name="Alterar um livro (PUT)">
<kw name="Alterar o livro &quot;150&quot;" library="ResourceAPI">
<kw name="Put Request" library="RequestsLibrary">
<doc>Send a PUT request on the session object found using the
given `alias`</doc>
<arguments>
<arg>fakeAPI</arg>
<arg>Books/${ID_LIVRO}</arg>
<arg>data={"ID": ${BOOK_150.ID},"Title": "${BOOK_150.Title}","Description": "${BOOK_150.Description}","PageCount": ${BOOK_150.PageCount},"Excerpt": "${BOOK_150.Excerpt}","PublishDate": "${BOOK_150.PublishDate}"}</arg>
<arg>headers=${HEADERS}</arg>
</arguments>
<assign>
<var>${RESPOSTA}</var>
</assign>
<msg timestamp="20201029 14:53:08.806" level="INFO">PUT Request : url=https://fakerestapi.azurewebsites.net/api//Books/150 
 path_url=/api//Books/150 
 headers={'User-Agent': 'python-requests/2.24.0', 'Accept-Encoding': 'gzip, deflate', 'Accept': '*/*', 'Connection': 'keep-alive', 'content-type': 'application/json', 'Cookie': 'ARRAffinity=fe5631ef2a6b16b646e570e79f0f1363c734e7f13cc1e82c54e9a24574ffecf6; ARRAffinitySameSite=fe5631ef2a6b16b646e570e79f0f1363c734e7f13cc1e82c54e9a24574ffecf6', 'Content-Length': '188'} 
 body=b'{"ID": 150,"Title": "Book 150 alterado","Description": "Descri\xc3\xa7\xc3\xa3o do book 150 alteada","PageCount": 600,"Excerpt": "Resumo do book 150 alteado","PublishDate": "2017-04-26T15:58:14.765Z"}' 
 </msg>
<msg timestamp="20201029 14:53:08.806" level="INFO">PUT Response : url=https://fakerestapi.azurewebsites.net/api//Books/150 
 status=200, reason=OK 
 body={"ID":150,"Title":"Book 150 alterado","Description":"Descrição do book 150 alteada","PageCount":600,"Excerpt":"Resumo do book 150 alteado","PublishDate":"2017-04-26T15:58:14.765Z"} 
 </msg>
<msg timestamp="20201029 14:53:08.807" level="INFO">c:\users\leonardo medeiros\appdata\local\programs\python\python38-32\lib\site-packages\urllib3\connectionpool.py:981: InsecureRequestWarning: Unverified HTTPS request is being made to host 'fakerestapi.azurewebsites.net'. Adding certificate verification is strongly advised. See: https://urllib3.readthedocs.io/en/latest/advanced-usage.html#ssl-warnings
  warnings.warn(</msg>
<msg timestamp="20201029 14:53:08.809" level="INFO">${RESPOSTA} = &lt;Response [200]&gt;</msg>
<status status="PASS" starttime="20201029 14:53:08.575" endtime="20201029 14:53:08.809"></status>
</kw>
<kw name="Log" library="BuiltIn">
<doc>Logs the given message with the given level.</doc>
<arguments>
<arg>${RESPOSTA.text}</arg>
</arguments>
<msg timestamp="20201029 14:53:08.810" level="INFO">{"ID":150,"Title":"Book 150 alterado","Description":"Descrição do book 150 alteada","PageCount":600,"Excerpt":"Resumo do book 150 alteado","PublishDate":"2017-04-26T15:58:14.765Z"}</msg>
<status status="PASS" starttime="20201029 14:53:08.809" endtime="20201029 14:53:08.810"></status>
</kw>
<kw name="Set Test Variable" library="BuiltIn">
<doc>Makes a variable available everywhere within the scope of the current test.</doc>
<arguments>
<arg>${RESPOSTA}</arg>
</arguments>
<msg timestamp="20201029 14:53:08.812" level="INFO">${RESPOSTA} = &lt;Response [200]&gt;</msg>
<status status="PASS" starttime="20201029 14:53:08.811" endtime="20201029 14:53:08.812"></status>
</kw>
<status status="PASS" starttime="20201029 14:53:08.575" endtime="20201029 14:53:08.812"></status>
</kw>
<kw name="Conferir o status code" library="ResourceAPI">
<arguments>
<arg>200</arg>
</arguments>
<kw name="Should Be Equal As Strings" library="BuiltIn">
<doc>Fails if objects are unequal after converting them to strings.</doc>
<arguments>
<arg>${RESPOSTA.status_code}</arg>
<arg>${STATUSCODE_DESEJADO}</arg>
</arguments>
<msg timestamp="20201029 14:53:08.825" level="INFO">Argument types are:
&lt;class 'int'&gt;
&lt;type 'unicode'&gt;</msg>
<status status="PASS" starttime="20201029 14:53:08.824" endtime="20201029 14:53:08.825"></status>
</kw>
<status status="PASS" starttime="20201029 14:53:08.824" endtime="20201029 14:53:08.825"></status>
</kw>
<kw name="Conferir o reason" library="ResourceAPI">
<arguments>
<arg>OK</arg>
</arguments>
<kw name="Should Be Equal As Strings" library="BuiltIn">
<doc>Fails if objects are unequal after converting them to strings.</doc>
<arguments>
<arg>${RESPOSTA.reason}</arg>
<arg>${REASON_DESEJADO}</arg>
</arguments>
<status status="PASS" starttime="20201029 14:53:08.827" endtime="20201029 14:53:08.827"></status>
</kw>
<status status="PASS" starttime="20201029 14:53:08.826" endtime="20201029 14:53:08.827"></status>
</kw>
<kw name="Conferir se retorna todos os dados alterados do livro &quot;150&quot;" library="ResourceAPI">
<kw name="Conferir livro" library="ResourceAPI">
<arguments>
<arg>${ID_LIVRO}</arg>
</arguments>
<kw name="Dictionary Should Contain Item" library="Collections">
<doc>An item of ``key`` / ``value`` must be found in a ``dictionary``.</doc>
<arguments>
<arg>${RESPOSTA.json()}</arg>
<arg>ID</arg>
<arg>${BOOK_${ID_LIVRO}.ID}</arg>
</arguments>
<status status="PASS" starttime="20201029 14:53:08.829" endtime="20201029 14:53:08.830"></status>
</kw>
<kw name="Dictionary Should Contain Item" library="Collections">
<doc>An item of ``key`` / ``value`` must be found in a ``dictionary``.</doc>
<arguments>
<arg>${RESPOSTA.json()}</arg>
<arg>Title</arg>
<arg>${BOOK_${ID_LIVRO}.Title}</arg>
</arguments>
<status status="PASS" starttime="20201029 14:53:08.830" endtime="20201029 14:53:08.830"></status>
</kw>
<kw name="Dictionary Should Contain Item" library="Collections">
<doc>An item of ``key`` / ``value`` must be found in a ``dictionary``.</doc>
<arguments>
<arg>${RESPOSTA.json()}</arg>
<arg>Description</arg>
<arg>${BOOK_${ID_LIVRO}.Description}</arg>
</arguments>
<status status="PASS" starttime="20201029 14:53:08.830" endtime="20201029 14:53:08.831"></status>
</kw>
<kw name="Dictionary Should Contain Item" library="Collections">
<doc>An item of ``key`` / ``value`` must be found in a ``dictionary``.</doc>
<arguments>
<arg>${RESPOSTA.json()}</arg>
<arg>PageCount</arg>
<arg>${BOOK_${ID_LIVRO}.PageCount}</arg>
</arguments>
<status status="PASS" starttime="20201029 14:53:08.831" endtime="20201029 14:53:08.831"></status>
</kw>
<kw name="Dictionary Should Contain Item" library="Collections">
<doc>An item of ``key`` / ``value`` must be found in a ``dictionary``.</doc>
<arguments>
<arg>${RESPOSTA.json()}</arg>
<arg>Excerpt</arg>
<arg>${BOOK_${ID_LIVRO}.Excerpt}</arg>
</arguments>
<status status="PASS" starttime="20201029 14:53:08.831" endtime="20201029 14:53:08.832"></status>
</kw>
<kw name="Dictionary Should Contain Item" library="Collections">
<doc>An item of ``key`` / ``value`` must be found in a ``dictionary``.</doc>
<arguments>
<arg>${RESPOSTA.json()}</arg>
<arg>PublishDate</arg>
<arg>${BOOK_${ID_LIVRO}.PublishDate}</arg>
</arguments>
<status status="PASS" starttime="20201029 14:53:08.832" endtime="20201029 14:53:08.832"></status>
</kw>
<status status="PASS" starttime="20201029 14:53:08.829" endtime="20201029 14:53:08.832"></status>
</kw>
<status status="PASS" starttime="20201029 14:53:08.828" endtime="20201029 14:53:08.833"></status>
</kw>
<status status="PASS" starttime="20201029 14:53:08.575" endtime="20201029 14:53:08.836" critical="yes"></status>
</test>
<test id="s1-t5" name="Deletar um livro (DELETE)">
<kw name="Excluir o livro &quot;200&quot;" library="ResourceAPI">
<kw name="Delete Request" library="RequestsLibrary">
<doc>Send a DELETE request on the session object found using the
given `alias`</doc>
<arguments>
<arg>fakeAPI</arg>
<arg>Books/${ID_LIVRO}</arg>
</arguments>
<assign>
<var>${RESPOSTA}</var>
</assign>
<msg timestamp="20201029 14:53:09.066" level="INFO">DELETE Request : url=https://fakerestapi.azurewebsites.net/api//Books/200 
 path_url=/api//Books/200 
 headers={'User-Agent': 'python-requests/2.24.0', 'Accept-Encoding': 'gzip, deflate', 'Accept': '*/*', 'Connection': 'keep-alive', 'Cookie': 'ARRAffinity=fe5631ef2a6b16b646e570e79f0f1363c734e7f13cc1e82c54e9a24574ffecf6; ARRAffinitySameSite=fe5631ef2a6b16b646e570e79f0f1363c734e7f13cc1e82c54e9a24574ffecf6', 'Content-Length': '0'} 
 body=None 
 </msg>
<msg timestamp="20201029 14:53:09.067" level="INFO">DELETE Response : url=https://fakerestapi.azurewebsites.net/api//Books/200 
 status=200, reason=OK 
 body=None 
 </msg>
<msg timestamp="20201029 14:53:09.067" level="INFO">c:\users\leonardo medeiros\appdata\local\programs\python\python38-32\lib\site-packages\urllib3\connectionpool.py:981: InsecureRequestWarning: Unverified HTTPS request is being made to host 'fakerestapi.azurewebsites.net'. Adding certificate verification is strongly advised. See: https://urllib3.readthedocs.io/en/latest/advanced-usage.html#ssl-warnings
  warnings.warn(</msg>
<msg timestamp="20201029 14:53:09.069" level="INFO">${RESPOSTA} = &lt;Response [200]&gt;</msg>
<status status="PASS" starttime="20201029 14:53:08.840" endtime="20201029 14:53:09.069"></status>
</kw>
<kw name="Log" library="BuiltIn">
<doc>Logs the given message with the given level.</doc>
<arguments>
<arg>${RESPOSTA.text}</arg>
</arguments>
<msg timestamp="20201029 14:53:09.070" level="INFO"></msg>
<status status="PASS" starttime="20201029 14:53:09.069" endtime="20201029 14:53:09.070"></status>
</kw>
<kw name="Set Test Variable" library="BuiltIn">
<doc>Makes a variable available everywhere within the scope of the current test.</doc>
<arguments>
<arg>${RESPOSTA}</arg>
</arguments>
<msg timestamp="20201029 14:53:09.070" level="INFO">${RESPOSTA} = &lt;Response [200]&gt;</msg>
<status status="PASS" starttime="20201029 14:53:09.070" endtime="20201029 14:53:09.070"></status>
</kw>
<status status="PASS" starttime="20201029 14:53:08.840" endtime="20201029 14:53:09.071"></status>
</kw>
<kw name="Conferir o status code" library="ResourceAPI">
<arguments>
<arg>200</arg>
</arguments>
<kw name="Should Be Equal As Strings" library="BuiltIn">
<doc>Fails if objects are unequal after converting them to strings.</doc>
<arguments>
<arg>${RESPOSTA.status_code}</arg>
<arg>${STATUSCODE_DESEJADO}</arg>
</arguments>
<msg timestamp="20201029 14:53:09.072" level="INFO">Argument types are:
&lt;class 'int'&gt;
&lt;type 'unicode'&gt;</msg>
<status status="PASS" starttime="20201029 14:53:09.071" endtime="20201029 14:53:09.072"></status>
</kw>
<status status="PASS" starttime="20201029 14:53:09.071" endtime="20201029 14:53:09.072"></status>
</kw>
<kw name="Conferir o reason" library="ResourceAPI">
<arguments>
<arg>OK</arg>
</arguments>
<kw name="Should Be Equal As Strings" library="BuiltIn">
<doc>Fails if objects are unequal after converting them to strings.</doc>
<arguments>
<arg>${RESPOSTA.reason}</arg>
<arg>${REASON_DESEJADO}</arg>
</arguments>
<status status="PASS" starttime="20201029 14:53:09.073" endtime="20201029 14:53:09.073"></status>
</kw>
<status status="PASS" starttime="20201029 14:53:09.073" endtime="20201029 14:53:09.074"></status>
</kw>
<kw name="Conferir se excluiu o livro &quot;200&quot;" library="ResourceAPI">
<kw name="Should Be Empty" library="BuiltIn">
<doc>Verifies that the given item is empty.</doc>
<arguments>
<arg>${RESPOSTA.content}</arg>
</arguments>
<msg timestamp="20201029 14:53:09.075" level="INFO">Length is 0</msg>
<status status="PASS" starttime="20201029 14:53:09.074" endtime="20201029 14:53:09.075"></status>
</kw>
<status status="PASS" starttime="20201029 14:53:09.074" endtime="20201029 14:53:09.075"></status>
</kw>
<status status="PASS" starttime="20201029 14:53:08.839" endtime="20201029 14:53:09.076" critical="yes"></status>
</test>
<doc>Documentação da API: https://fakerestapi.azurewebsites.net/swagger/ui/index#!/Books</doc>
<status status="PASS" starttime="20201029 14:53:03.402" endtime="20201029 14:53:09.080"></status>
</suite>
<statistics>
<total>
<stat pass="5" fail="0">Critical Tests</stat>
<stat pass="5" fail="0">All Tests</stat>
</total>
<tag>
</tag>
<suite>
<stat pass="5" fail="0" id="s1" name="TestsCasesAPIBooks">TestsCasesAPIBooks</stat>
</suite>
</statistics>
<errors>
</errors>
</robot>
